2026-01-14 12:11:50,373 [T1] INFO  EngineStarter
BOT Engine Start - v3.1.125.00925 at 2026-01-14 오후 12:11:50
EngineID: D_20260114_121149_503
PID : 2636
PPID: 1932
Working Directory: C:\Users\5Class_012\AppData\Roaming\Brity RPA Designer

2026-01-14 12:11:50,390 [T1] INFO  EngineStarter
System Language: ko-KR
Resolution: 3520 x 1080

2026-01-14 12:11:50,623 [T1] INFO  Config
Initialize Config

2026-01-14 12:11:50,669 [T1] DEBUG Config
Config Loaded

2026-01-14 12:11:50,670 [T1] DEBUG Config
Backup config file.

2026-01-14 12:11:50,680 [T1] INFO  Config
Orchestrator Service => https://bwrpa.samsungsds.com:8777

2026-01-14 12:11:50,685 [T1] INFO  Config
Initialize Resource Config

2026-01-14 12:11:50,717 [T1] DEBUG Config
Refresh Language Information

2026-01-14 12:11:50,790 [T1] INFO  Config
All Config Initialized.

2026-01-14 12:11:50,797 [T1] DEBUG KeyManager
Initialize KeyManager

2026-01-14 12:11:50,800 [T1] DEBUG KeyManager
Load device unique id.

2026-01-14 12:11:50,807 [T1] DEBUG KeyManager
Device ID is initialized.

2026-01-14 12:11:50,811 [T1] INFO  Config
Activated License Type : StandAloneDesigner

2026-01-14 12:11:50,895 [T4] DEBUG JobService
Connect to agent service

2026-01-14 12:11:50,928 [T1] DEBUG ApplicationInitializer
InitMode: Thread

2026-01-14 12:11:50,938 [T4] DEBUG JobService
JobService URL : net.tcp://127.0.0.1:59001/rpa/agent

2026-01-14 12:11:50,938 [T4] DEBUG JobService
Open connection

2026-01-14 12:11:50,940 [T1] INFO  LibraryManager
Load Libraries - Started

2026-01-14 12:11:50,951 [T1] DEBUG AddInLoader
Load Assembly : IPA.Lib.Chrome

2026-01-14 12:11:50,954 [T4] DEBUG JobService
Register engine to agent

2026-01-14 12:11:50,967 [T4] DEBUG JobService
Engine is connected to agent service.

2026-01-14 12:11:50,967 [T4] DEBUG JobService
Owner Process PID: 1932

2026-01-14 12:11:50,971 [T4] INFO  JobService
Start monitoring owner process is terminated.

2026-01-14 12:11:51,153 [T1] DEBUG AddInLoader
Load Assembly : IPA.Lib.Desktop

2026-01-14 12:11:51,321 [T1] DEBUG AddInLoader
Load Assembly : IPA.Lib.Excel

2026-01-14 12:11:51,480 [T1] DEBUG AddInLoader
Load Assembly : IPA.Lib.Flow

2026-01-14 12:11:51,591 [T1] DEBUG AddInLoader
Load Assembly : IPA.Lib.IE

2026-01-14 12:11:51,682 [T1] DEBUG AddInLoader
Load Assembly : IPA.Lib.ImageConverter

2026-01-14 12:11:51,737 [T1] DEBUG AddInLoader
Load Assembly : IPA.Lib.ImageRecognition

2026-01-14 12:11:51,924 [T1] DEBUG AddInLoader
Load Assembly : IPA.Lib.MicrosoftOCR

2026-01-14 12:11:51,981 [T1] DEBUG AddInLoader
Load Assembly : IPA.Lib.Net

2026-01-14 12:11:52,061 [T1] DEBUG AddInLoader
Load Assembly : IPA.Lib.Orchestra

2026-01-14 12:11:52,137 [T1] DEBUG AddInLoader
Load Assembly : IPA.Lib.ProcessFlow

2026-01-14 12:11:52,218 [T1] DEBUG AddInLoader
Load Assembly : IPA.Lib.SAP

2026-01-14 12:11:52,295 [T1] DEBUG AddInLoader
Load Assembly : IPA.Lib.Web

2026-01-14 12:11:52,399 [T1] DEBUG AddInLoader
Load Assembly : IPA.Lib.Win

2026-01-14 12:11:52,523 [T1] INFO  ScreenCapture
Default Screen Capture Bounds: 0,0,3520,1080

2026-01-14 12:11:52,554 [T1] DEBUG AddInLoader
Load Assembly : BrityRPA.AddIn.NativeApp

2026-01-14 12:11:52,661 [T1] DEBUG AddInLoader
Load Assembly : BrityWorks.AddIn.Outlook

2026-01-14 12:11:52,728 [T1] DEBUG AddInLoader
Load Assembly : BrityWorks.AddIn.Pdf

2026-01-14 12:11:52,808 [T1] DEBUG LibraryManager
Load Library - Chrome

2026-01-14 12:11:52,824 [T1] DEBUG LibraryManager
Load Library - Desktop

2026-01-14 12:11:52,839 [T1] DEBUG LibraryManager
Load Library - Excel

2026-01-14 12:11:52,854 [T1] DEBUG LibraryManager
Load Library - Flow

2026-01-14 12:11:52,870 [T1] DEBUG LibraryManager
Load Library - IE

2026-01-14 12:11:52,885 [T1] DEBUG LibraryManager
Load Library - ImageConverter

2026-01-14 12:11:52,900 [T1] DEBUG LibraryManager
Load Library - ImageRecognition

2026-01-14 12:11:52,916 [T1] DEBUG LibraryManager
Load Library - MicrosoftOCR

2026-01-14 12:11:52,931 [T1] DEBUG LibraryManager
Load Library - NativeApp

2026-01-14 12:11:52,947 [T1] DEBUG LibraryManager
Load Library - Net

2026-01-14 12:11:52,962 [T1] DEBUG LibraryManager
Load Library - Orchestra

2026-01-14 12:11:52,978 [T1] DEBUG LibraryManager
Load Library - Outlook

2026-01-14 12:11:52,993 [T1] DEBUG LibraryManager
Load Library - Pdf

2026-01-14 12:11:53,009 [T1] DEBUG LibraryManager
Load Library - SAP

2026-01-14 12:11:53,024 [T1] DEBUG LibraryManager
Load Library - Web

2026-01-14 12:11:53,040 [T1] DEBUG LibraryManager
Load Library - Win

2026-01-14 12:11:53,055 [T1] DEBUG LibraryManager
Load Library - WorkFlow

2026-01-14 12:11:53,060 [T1] DEBUG LibraryManager
Load built-in script libraries

2026-01-14 12:11:53,339 [T1] INFO  LibraryManager
Load Libraries - Completed.

2026-01-14 12:11:53,352 [T1] INFO  App
Launch Arguments: Total: 6 |  -eid D_20260114_121149_503 -runtype ProcRunner -ppid 1932

2026-01-14 12:11:53,352 [T1] DEBUG Config
Refresh Language Information

2026-01-14 12:11:53,353 [T1] DEBUG LibraryManager
LibraryManager Initialized.

2026-01-14 12:16:37,459 [T9] INFO  JobService
Start Job: P_Team1_Main_RPA (Foreground)
{
  "JobType": 1,
  "State": 0,
  "IsRunning": false,
  "ResultMessage": null,
  "StartTime": "2026-01-14 12:16:37",
  "EndTime": null,
  "JobId": "Designer_20260114_121637_058",
  "UserAuthentication": null,
  "ProcessPath": "C:\\Users\\5Class_012\\Desktop\\project\\Team_1_Main\\RPA\\Team1_Main_RPA\\P_Team1_Main_RPA.proc",
  "ProcessId": "3745e8e7-3d51-443e-b58a-4ac32a5f16c5",
  "ProcessVer": "",
  "ProcessArgs": null,
  "RequesterType": 3,
  "RequesterId": "designer",
  "RequesterPID": 1932,
  "OptionsJsonString": null,
  "TimeoutSec": 0,
  "EngineID": "D_20260114_121149_503",
  "EnginePID": 0,
  "EngineRecommededVersion": "",
  "JobWorkDir": "C:\\Users\\5Class_012\\Desktop\\project\\Team_1_Main\\RPA\\Team1_Main_RPA\\Histories\\20260114_121637_P_Team1_Main_RPA_Designer_20260114_121637_058",
  "JobLogDir": "C:\\Users\\5Class_012\\Desktop\\project\\Team_1_Main\\RPA\\Team1_Main_RPA\\Histories\\20260114_121637_P_Team1_Main_RPA_Designer_20260114_121637_058\\Log",
  "JobScreenshotDir": "C:\\Users\\5Class_012\\Desktop\\project\\Team_1_Main\\RPA\\Team1_Main_RPA\\Histories\\20260114_121637_P_Team1_Main_RPA_Designer_20260114_121637_058\\Log\\Screenshot"
}

2026-01-14 12:16:37,612 [T10] DEBUG JobService
Waiting library loading...

2026-01-14 12:16:37,615 [T10] DEBUG Config
Reload User Settings

2026-01-14 12:16:37,618 [T10] INFO  Config
UserSettings Reloaded =>
 - LastExecution : 3P0vVmLeL+/mI4S7KOP1Qa/oTLkEBlk4ZzgvrWkxX1M= -> xfcyLvtk6Gvs67uFZM5ylslFI7rod5hEkYnNaIP/iA8=

2026-01-14 12:16:37,618 [T10] INFO  JobService
Config Loading Completed.

2026-01-14 12:16:37,618 [T10] DEBUG JobService
Config Loading Time: 5 ms.

2026-01-14 12:16:37,623 [T10] DEBUG JobService
Check Shared Token

2026-01-14 12:16:37,624 [T10] DEBUG TokenManager
Load connection token

2026-01-14 12:16:37,627 [T10] DEBUG TokenManager
Clear Connection Token - No Shared Token

2026-01-14 12:16:37,635 [T10] DEBUG ServerInformationClient
get server features for engine bot from config.

2026-01-14 12:16:37,637 [T10] INFO  Config
Try to load server features from config.

2026-01-14 12:16:37,640 [T10] DEBUG ServerInformationClient
get server features for engine bot from config.

2026-01-14 12:16:37,641 [T10] INFO  TokenManager
SecurityType in server feature : v2

2026-01-14 12:16:37,641 [T10] INFO  TokenManager
SecurityType : v2

2026-01-14 12:16:37,643 [T10] INFO  JobService
Shared Token - No Token

2026-01-14 12:16:37,648 [T10] INFO  JobManager
Create JobManager instance for job P_Team1_Main_RPA(Designer_20260114_121637_058)

2026-01-14 12:16:37,655 [T10] INFO  JobRequest
Job ID : Designer_20260114_121637_058
Project Path  : C:\Users\5Class_012\Desktop\project\Team_1_Main\RPA\Team1_Main_RPA\Team1_Main_RPA.proj
Process Name  : P_Team1_Main_RPA
Engine Mode   : Designer
Requester Type: Designer
Requester PID : 1932

2026-01-14 12:16:37,657 [T11] INFO  JobRequest
Start Callback Sender

2026-01-14 12:16:37,657 [T11] DEBUG JobRequest
Step Callback Interval: 500

2026-01-14 12:16:37,706 [T10] DEBUG ProjectManager
Set Project Information

2026-01-14 12:16:37,734 [T10] INFO  PlayOptionManager
PlayOption
- Step Interval : 1
- Disable DrawBounds : False
- Invoke First : False
- Allow Upload of DumpScreen results : False

2026-01-14 12:16:37,735 [T10] INFO  JobRunner
Initialize Script Engine

2026-01-14 12:16:37,755 [T14-ScriptEngine] INFO  JobRequest
##############################################################
### STATE: Initializing
##############################################################


2026-01-14 12:16:37,772 [T11] DEBUG JobRequest
Callback - State: Initializing


2026-01-14 12:16:38,804 [T14-ScriptEngine] INFO  JobRequest
##############################################################
### STATE: Ready
##############################################################


2026-01-14 12:16:38,818 [T10] INFO  JobRunnerHook
HotKey Hook Started

2026-01-14 12:16:38,819 [T10] INFO  JobRequest
##############################################################
### STATE: Starting
##############################################################


2026-01-14 12:16:38,819 [T11] DEBUG JobRequest
Callback - State: Ready


2026-01-14 12:16:38,821 [T14-ScriptEngine] INFO  JobRunner
RunProcess start

2026-01-14 12:16:38,821 [T11] DEBUG JobRequest
Callback - State: Starting


2026-01-14 12:16:38,823 [T14-ScriptEngine] INFO  JobRequest
##############################################################
### STATE: Running
##############################################################


2026-01-14 12:16:38,823 [T14-ScriptEngine] INFO  JobRequest
Last job life cycle state: Running

2026-01-14 12:16:38,835 [T11] DEBUG JobRequest
Callback - State: Running


2026-01-14 12:16:40,261 [T14-ScriptEngine] DEBUG ScreenCapture
DirectX Screen Capture Initialized.

2026-01-14 12:16:40,358 [T14-ScriptEngine] DEBUG JobRunner
DirectX ScreenCapture Checked.

2026-01-14 12:16:40,387 [T14-ScriptEngine] INFO  JobRequest
##############################################################
### STATE: StartProcess - P_Team1_Main_RPA
##############################################################
3745e8e7-3d51-443e-b58a-4ac32a5f16c5
P_Team1_Main_RPA


2026-01-14 12:16:40,445 [T14-ScriptEngine] INFO  JobRequest
**************************************************************
*** TASK: P_Team1_Main_RPA
**************************************************************
 - STEP 1: S0afeea48946e46708c1bba717abad35b (1/6) - (1/115)
 - [1] IsFileExist


2026-01-14 12:16:40,634 [T14-ScriptEngine] INFO  JobRequest
 - STEP 2: S6d3e6a3f92384964b540bc9553eefa04 (2/6) - (2/115)
 - [2] IfThen


2026-01-14 12:16:40,650 [T14-ScriptEngine] INFO  JobRequest
 - STEP 3: S459769e0a5b24b72911f8298a6bdfddc (3/6) - (3/115)
 - [3] RunTask


2026-01-14 12:16:40,673 [T14-ScriptEngine] INFO  JobRequest
##############################################################
### STATE: StartTask - T_Get_Raw_CSV
##############################################################
5321d6cd-80eb-4b5f-8cb9-8d5351b7e1cc
T_Get_Raw_CSV


2026-01-14 12:16:40,682 [T14-ScriptEngine] INFO  JobRequest
**************************************************************
*** TASK: T_Get_Raw_CSV
**************************************************************
 - STEP 4: S9eddaecfb54e4c3eae7025a932969325 (1/15) - (4/115)
 - [1] ChromeOpen


2026-01-14 12:16:44,221 [T12] DEBUG ChromeCommonExtension
extension default locale empty

2026-01-14 12:16:47,373 [T12] DEBUG ChromeRemoteConnect
GetRemoteBrowserUsingEndPoint Fail : 하나 이상의 오류가 발생했습니다.

2026-01-14 12:16:49,399 [T12] DEBUG ChromeRemoteConnect
GetRemoteBrowserUsingEndPoint Fail : 하나 이상의 오류가 발생했습니다.

2026-01-14 12:16:51,500 [T21] DEBUG ChromeRemoteConnect
GetRemoteBrowserUsingEndPoint Fail : 하나 이상의 오류가 발생했습니다.

2026-01-14 12:16:53,522 [T21] DEBUG ChromeRemoteConnect
GetRemoteBrowserUsingEndPoint Fail : 하나 이상의 오류가 발생했습니다.

2026-01-14 12:16:55,551 [T21] DEBUG ChromeRemoteConnect
GetRemoteBrowserUsingEndPoint Fail : 하나 이상의 오류가 발생했습니다.

2026-01-14 12:16:57,590 [T21] DEBUG ChromeRemoteConnect
GetRemoteBrowserUsingEndPoint Fail : 하나 이상의 오류가 발생했습니다.

2026-01-14 12:16:58,501 [T14-ScriptEngine] DEBUG ChromeOpen
브라우저를 찾을 수 없습니다.
브라우저를 생성 해주세요.

2026-01-14 12:17:02,935 [T14-ScriptEngine] INFO  JobRunner
Stop Job Runner - Cause: LocalUser / Message: Catch Step Exception

2026-01-14 12:17:02,936 [T14-ScriptEngine] INFO  JobRequest
##############################################################
### STATE: Stopping
##############################################################
Catch Step Exception


2026-01-14 12:17:02,942 [T14-ScriptEngine] WARN  ScriptSupport
[CATCH_STEP_EXCEPTION] Process: P_Team1_Main_RPA
Task: T_Get_Raw_CSV
Step: ChromeOpen (1/15)

Error: 브라우저를 찾을 수 없습니다.
브라우저를 생성 해주세요.

2026-01-14 12:17:02,946 [T14-ScriptEngine] FINE  JobRunner
RunTask ExceptionOccured. TASK: T_Get_Raw_CSV => 브라우저를 찾을 수 없습니다.
브라우저를 생성 해주세요.

2026-01-14 12:17:02,955 [T11] DEBUG JobRequest
Callback - State: Stopping
Catch Step Exception

2026-01-14 12:17:02,982 [T14-ScriptEngine] INFO  JobRequest
##############################################################
### STATE: EndTask - T_Get_Raw_CSV
##############################################################
5321d6cd-80eb-4b5f-8cb9-8d5351b7e1cc
T_Get_Raw_CSV


2026-01-14 12:17:02,984 [T14-ScriptEngine] DEBUG JobRunner
RunTask ExceptionOccured. TASK: P_Team1_Main_RPA => Process: P_Team1_Main_RPA
Task: T_Get_Raw_CSV
Step: ChromeOpen (1/15)
브라우저를 찾을 수 없습니다.
브라우저를 생성 해주세요.

2026-01-14 12:17:02,984 [T14-ScriptEngine] INFO  JobRequest
##############################################################
### STATE: EndProcess - P_Team1_Main_RPA
##############################################################
3745e8e7-3d51-443e-b58a-4ac32a5f16c5
P_Team1_Main_RPA


2026-01-14 12:17:03,006 [T14-ScriptEngine] DEBUG JobManager
Set Result State: Stopped

2026-01-14 12:17:03,010 [T14-ScriptEngine] INFO  JobRunner
Make report.

2026-01-14 12:17:03,060 [T14-ScriptEngine] INFO  JobRunner
Start to clean up resources.

2026-01-14 12:17:03,061 [T10] DEBUG JobRunner
Start timer for checking the job to be completed.

2026-01-14 12:17:03,061 [T14-ScriptEngine] DEBUG JobRunner
OnProcessCompleted

2026-01-14 12:17:03,063 [T14-ScriptEngine] INFO  JobRunner
Start to clean up resources.

2026-01-14 12:17:03,065 [T14-ScriptEngine] DEBUG JobRunner
Remove all libraries

2026-01-14 12:17:03,067 [T14-ScriptEngine] DEBUG NetPlayer
WebPlayer OnDispose

2026-01-14 12:17:03,070 [T14-ScriptEngine] DEBUG WebPlayer
WebPlayer OnDispose : Do Nothing

2026-01-14 12:17:03,076 [T14-ScriptEngine] DEBUG UiaAppHelper
WinHelper DisposeAppList Count: 0

2026-01-14 12:17:03,076 [T14-ScriptEngine] INFO  JobRunner
All Resources Clear

2026-01-14 12:17:03,079 [T14-ScriptEngine] DEBUG JobRunner
OnCompleted

2026-01-14 12:17:03,080 [T14-ScriptEngine] DEBUG JobRunner
SendJobResult: Stopped

2026-01-14 12:17:03,080 [T14-ScriptEngine] INFO  JobRequest
##############################################################
### STATE: Stopped
##############################################################
Process: P_Team1_Main_RPA

Process: P_Team1_Main_RPA
Task: T_Get_Raw_CSV
Step: ChromeOpen (1/15)
브라우저를 찾을 수 없습니다.
브라우저를 생성 해주세요.


2026-01-14 12:17:03,080 [T14-ScriptEngine] INFO  JobRequest
Last job life cycle state: Stopped

2026-01-14 12:17:03,080 [T14-ScriptEngine] INFO  JobRequest
Update skipped current step informations.

2026-01-14 12:17:03,084 [T14-ScriptEngine] DEBUG JobDBManager
Set last life-cycle state: Stopped - Process: P_Team1_Main_RPA

Process: P_Team1_Main_RPA
Task: T_Get_Raw_CSV
Step: ChromeOpen (1/15)
브라우저를 찾을 수 없습니다.
브라우저를 생성 해주세요.

2026-01-14 12:17:03,109 [T14-ScriptEngine] INFO  JobRequest
##############################################################
### JOB COMPLETED
##############################################################


2026-01-14 12:17:03,126 [T11] DEBUG JobRequest
Callback - State: Stopped
Process: P_Team1_Main_RPA

Process: P_Team1_Main_RPA
Task: T_Get_Raw_CSV
Step: ChromeOpen (1/15)
브라우저를 찾을 수 없습니다.
브라우저를 생성 해주세요.

2026-01-14 12:17:03,130 [T11] INFO  JobRequest
Callback - EngineClosed

2026-01-14 12:17:03,131 [T11] INFO  JobService
Disconnect agent service

2026-01-14 12:17:03,133 [T11] DEBUG JobRequest
End of Callback Sender

2026-01-14 12:17:03,138 [T14-ScriptEngine] INFO  JobRunner
RunProcess end

2026-01-14 12:17:03,138 [T1] INFO  JobService
Exit - Shutdown Engine BOT

2026-01-14 12:17:03,139 [T1] INFO  EngineStarter
EngineBOT MainWindow Closing

2026-01-14 12:17:03,139 [T1] INFO  EngineStarter
EngineBOT MainWindow Closed

2026-01-14 12:17:03,142 [T1] INFO  EngineStarter
EngineBOT Application Exit

