<?xml version="1.0" encoding="utf-8"?>
<Result id="f5fbb075-1058-4c53-a607-c931b439040f" name="T_Download_Files" result="Pass" detail="{}" start="2026-01-14T02:50:08.318" end="2026-01-14T02:50:12.501" jobId="Designer_20260114_115001_456">
  <Step id="S71b7fb51b3cb4780aab9fa142f69cfef" taskName="T_Download_Files" type="Net" name="OpenBrowser" displayName="OpenBrowser" callDepth="1" depth="1" num="19" result="Pass" start="2026-01-14T02:50:08.390" end="2026-01-14T02:50:12.490" displayTime="4.1s">
    <Variables>
      <Variable name="RESULT" scope="System" declareType="Any" isChanged="false" isChangable="true" runtimeType="Any" value="&lt;null&gt;" />
      <Variable name="PDF" scope="Normal" owner="T_Download_Files" declareType="Any" isChanged="false" isChangable="true" runtimeType="Undefined" value="&lt;undefined&gt;" />
      <Variable name="Result_Route" scope="Normal" owner="T_Download_Files" declareType="Any" isChanged="false" isChangable="true" runtimeType="String" value="'C:\\Users\\5Class_012\\Desktop\\Project_Result\\'" />
    </Variables>
    <Properties setIndex="0">
      <Property value="--Ignore--" runtimeType="String" key="Options_OnError" displayKey="On Error" visible="true" required="false" />
      <Property value="" runtimeType="String" key="Key_Description" displayKey="Description" visible="true" required="false" />
      <Property value="RESULT : " runtimeType="Any" key="HTML_BrowserID" displayKey="Browser ID" visible="true" required="false" />
      <Property value="'C:\\Users\\5Class_012\\Desktop\\Project_Result\\undefined'" runtimeType="String" key="HTML_URL" displayKey="URL" visible="true" required="true" />
      <Property value="true" runtimeType="Boolean" key="HTML_Maximize" displayKey="Maximize" visible="true" required="false" />
      <Property value="3" runtimeType="Integer" key="HTML_WaitTimeSec" displayKey="WaitTime(Sec)" visible="true" required="false" />
    </Properties>
  </Step>
  <JobInfo>
    <Info name="Bot Version" value="3.1.125.00925" />
    <Info name="Resolution" value="3520 x 1080" />
    <Info name="Language" value="한국어 (대한민국)" />
    <Info name="BotID" value="S-DESIGNER-QNF7B" />
  </JobInfo>
</Result>