2026-01-14 12:04:10,884 [T1] INFO  EngineStarter
BOT Engine Start - v3.1.125.00925 at 2026-01-14 오후 12:04:10
EngineID: D_20260114_120410_061
PID : 16976
PPID: 1932
Working Directory: C:\Users\5Class_012\AppData\Roaming\Brity RPA Designer

2026-01-14 12:04:10,902 [T1] INFO  EngineStarter
System Language: ko-KR
Resolution: 3520 x 1080

2026-01-14 12:04:11,144 [T1] INFO  Config
Initialize Config

2026-01-14 12:04:11,186 [T1] DEBUG Config
Config Loaded

2026-01-14 12:04:11,187 [T1] DEBUG Config
Backup config file.

2026-01-14 12:04:11,197 [T1] INFO  Config
Orchestrator Service => https://bwrpa.samsungsds.com:8777

2026-01-14 12:04:11,202 [T1] INFO  Config
Initialize Resource Config

2026-01-14 12:04:11,231 [T1] DEBUG Config
Refresh Language Information

2026-01-14 12:04:11,320 [T1] INFO  Config
All Config Initialized.

2026-01-14 12:04:11,326 [T1] DEBUG KeyManager
Initialize KeyManager

2026-01-14 12:04:11,329 [T1] DEBUG KeyManager
Load device unique id.

2026-01-14 12:04:11,336 [T1] DEBUG KeyManager
Device ID is initialized.

2026-01-14 12:04:11,340 [T1] INFO  Config
Activated License Type : StandAloneDesigner

2026-01-14 12:04:11,417 [T5] DEBUG JobService
Connect to agent service

2026-01-14 12:04:11,448 [T1] DEBUG ApplicationInitializer
InitMode: Thread

2026-01-14 12:04:11,453 [T5] DEBUG JobService
JobService URL : net.tcp://127.0.0.1:59001/rpa/agent

2026-01-14 12:04:11,453 [T5] DEBUG JobService
Open connection

2026-01-14 12:04:11,459 [T1] INFO  LibraryManager
Load Libraries - Started

2026-01-14 12:04:11,468 [T5] DEBUG JobService
Register engine to agent

2026-01-14 12:04:11,470 [T1] DEBUG AddInLoader
Load Assembly : IPA.Lib.Chrome

2026-01-14 12:04:11,481 [T5] DEBUG JobService
Engine is connected to agent service.

2026-01-14 12:04:11,481 [T5] DEBUG JobService
Owner Process PID: 1932

2026-01-14 12:04:11,484 [T5] INFO  JobService
Start monitoring owner process is terminated.

2026-01-14 12:04:11,682 [T1] DEBUG AddInLoader
Load Assembly : IPA.Lib.Desktop

2026-01-14 12:04:11,850 [T1] DEBUG AddInLoader
Load Assembly : IPA.Lib.Excel

2026-01-14 12:04:12,004 [T1] DEBUG AddInLoader
Load Assembly : IPA.Lib.Flow

2026-01-14 12:04:12,106 [T1] DEBUG AddInLoader
Load Assembly : IPA.Lib.IE

2026-01-14 12:04:12,194 [T1] DEBUG AddInLoader
Load Assembly : IPA.Lib.ImageConverter

2026-01-14 12:04:12,249 [T1] DEBUG AddInLoader
Load Assembly : IPA.Lib.ImageRecognition

2026-01-14 12:04:12,420 [T1] DEBUG AddInLoader
Load Assembly : IPA.Lib.MicrosoftOCR

2026-01-14 12:04:12,481 [T1] DEBUG AddInLoader
Load Assembly : IPA.Lib.Net

2026-01-14 12:04:12,567 [T1] DEBUG AddInLoader
Load Assembly : IPA.Lib.Orchestra

2026-01-14 12:04:12,649 [T1] DEBUG AddInLoader
Load Assembly : IPA.Lib.ProcessFlow

2026-01-14 12:04:12,741 [T1] DEBUG AddInLoader
Load Assembly : IPA.Lib.SAP

2026-01-14 12:04:12,823 [T1] DEBUG AddInLoader
Load Assembly : IPA.Lib.Web

2026-01-14 12:04:12,929 [T1] DEBUG AddInLoader
Load Assembly : IPA.Lib.Win

2026-01-14 12:04:13,045 [T1] INFO  ScreenCapture
Default Screen Capture Bounds: 0,0,3520,1080

2026-01-14 12:04:13,079 [T1] DEBUG AddInLoader
Load Assembly : BrityRPA.AddIn.NativeApp

2026-01-14 12:04:13,189 [T1] DEBUG AddInLoader
Load Assembly : BrityWorks.AddIn.Outlook

2026-01-14 12:04:13,253 [T1] DEBUG AddInLoader
Load Assembly : BrityWorks.AddIn.Pdf

2026-01-14 12:04:13,329 [T1] DEBUG LibraryManager
Load Library - Chrome

2026-01-14 12:04:13,359 [T1] DEBUG LibraryManager
Load Library - Desktop

2026-01-14 12:04:13,375 [T1] DEBUG LibraryManager
Load Library - Excel

2026-01-14 12:04:13,390 [T1] DEBUG LibraryManager
Load Library - Flow

2026-01-14 12:04:13,405 [T1] DEBUG LibraryManager
Load Library - IE

2026-01-14 12:04:13,421 [T1] DEBUG LibraryManager
Load Library - ImageConverter

2026-01-14 12:04:13,436 [T1] DEBUG LibraryManager
Load Library - ImageRecognition

2026-01-14 12:04:13,452 [T1] DEBUG LibraryManager
Load Library - MicrosoftOCR

2026-01-14 12:04:13,467 [T1] DEBUG LibraryManager
Load Library - NativeApp

2026-01-14 12:04:13,483 [T1] DEBUG LibraryManager
Load Library - Net

2026-01-14 12:04:13,498 [T1] DEBUG LibraryManager
Load Library - Orchestra

2026-01-14 12:04:13,513 [T1] DEBUG LibraryManager
Load Library - Outlook

2026-01-14 12:04:13,528 [T1] DEBUG LibraryManager
Load Library - Pdf

2026-01-14 12:04:13,544 [T1] DEBUG LibraryManager
Load Library - SAP

2026-01-14 12:04:13,559 [T1] DEBUG LibraryManager
Load Library - Web

2026-01-14 12:04:13,575 [T1] DEBUG LibraryManager
Load Library - Win

2026-01-14 12:04:13,590 [T1] DEBUG LibraryManager
Load Library - WorkFlow

2026-01-14 12:04:13,599 [T1] DEBUG LibraryManager
Load built-in script libraries

2026-01-14 12:04:13,874 [T1] INFO  LibraryManager
Load Libraries - Completed.

2026-01-14 12:04:13,886 [T1] INFO  App
Launch Arguments: Total: 6 |  -eid D_20260114_120410_061 -runtype ProcRunner -ppid 1932

2026-01-14 12:04:13,886 [T1] DEBUG Config
Refresh Language Information

2026-01-14 12:04:13,887 [T1] DEBUG LibraryManager
LibraryManager Initialized.

2026-01-14 12:04:38,884 [T8] INFO  JobService
Start Job: T_Download_Files (Foreground)
{
  "JobType": 1,
  "State": 0,
  "IsRunning": false,
  "ResultMessage": null,
  "StartTime": "2026-01-14 12:04:38",
  "EndTime": null,
  "JobId": "Designer_20260114_120437_634",
  "UserAuthentication": null,
  "ProcessPath": "C:\\Users\\5Class_012\\Desktop\\project\\Team_1_Main\\RPA\\Team1_Main_RPA\\T_Download_Files.proc",
  "ProcessId": "f5fbb075-1058-4c53-a607-c931b439040f",
  "ProcessVer": "",
  "ProcessArgs": "S71b7fb51b3cb4780aab9fa142f69cfef;S71b7fb51b3cb4780aab9fa142f69cfef;False",
  "RequesterType": 3,
  "RequesterId": "designer",
  "RequesterPID": 1932,
  "OptionsJsonString": null,
  "TimeoutSec": 0,
  "EngineID": "D_20260114_120410_061",
  "EnginePID": 0,
  "EngineRecommededVersion": "",
  "JobWorkDir": "C:\\Users\\5Class_012\\Desktop\\project\\Team_1_Main\\RPA\\Team1_Main_RPA\\Histories\\20260114_120437_T_Download_Files_Designer_20260114_120437_634",
  "JobLogDir": "C:\\Users\\5Class_012\\Desktop\\project\\Team_1_Main\\RPA\\Team1_Main_RPA\\Histories\\20260114_120437_T_Download_Files_Designer_20260114_120437_634\\Log",
  "JobScreenshotDir": "C:\\Users\\5Class_012\\Desktop\\project\\Team_1_Main\\RPA\\Team1_Main_RPA\\Histories\\20260114_120437_T_Download_Files_Designer_20260114_120437_634\\Log\\Screenshot"
}

2026-01-14 12:04:39,027 [T9] DEBUG JobService
Waiting library loading...

2026-01-14 12:04:39,030 [T9] DEBUG Config
Reload User Settings

2026-01-14 12:04:39,033 [T9] INFO  JobService
Config Loading Completed.

2026-01-14 12:04:39,033 [T9] DEBUG JobService
Config Loading Time: 5 ms.

2026-01-14 12:04:39,038 [T9] DEBUG JobService
Check Shared Token

2026-01-14 12:04:39,039 [T9] DEBUG TokenManager
Load connection token

2026-01-14 12:04:39,042 [T9] DEBUG TokenManager
Clear Connection Token - No Shared Token

2026-01-14 12:04:39,051 [T9] DEBUG ServerInformationClient
get server features for engine bot from config.

2026-01-14 12:04:39,053 [T9] INFO  Config
Try to load server features from config.

2026-01-14 12:04:39,056 [T9] DEBUG ServerInformationClient
get server features for engine bot from config.

2026-01-14 12:04:39,057 [T9] INFO  TokenManager
SecurityType in server feature : v2

2026-01-14 12:04:39,058 [T9] INFO  TokenManager
SecurityType : v2

2026-01-14 12:04:39,061 [T9] INFO  JobService
Shared Token - No Token

2026-01-14 12:04:39,066 [T9] INFO  JobManager
Create JobManager instance for job T_Download_Files(Designer_20260114_120437_634)

2026-01-14 12:04:39,072 [T9] INFO  JobRequest
Job ID : Designer_20260114_120437_634
Project Path  : C:\Users\5Class_012\Desktop\project\Team_1_Main\RPA\Team1_Main_RPA\Team1_Main_RPA.proj
Process Name  : T_Download_Files
Engine Mode   : Designer
Requester Type: Designer
Requester PID : 1932

2026-01-14 12:04:39,075 [T10] INFO  JobRequest
Start Callback Sender

2026-01-14 12:04:39,075 [T10] DEBUG JobRequest
Step Callback Interval: 500

2026-01-14 12:04:39,123 [T9] DEBUG ProjectManager
Set Project Information

2026-01-14 12:04:39,148 [T9] INFO  PlayOptionManager
PlayOption
- Step Interval : 1
- Disable DrawBounds : False
- Invoke First : False
- Allow Upload of DumpScreen results : False

2026-01-14 12:04:39,149 [T9] INFO  JobRunner
Initialize Script Engine

2026-01-14 12:04:39,168 [T13-ScriptEngine] INFO  JobRequest
##############################################################
### STATE: Initializing
##############################################################


2026-01-14 12:04:39,185 [T10] DEBUG JobRequest
Callback - State: Initializing


2026-01-14 12:04:40,082 [T13-ScriptEngine] INFO  JobRequest
##############################################################
### STATE: Ready
##############################################################


2026-01-14 12:04:40,093 [T10] DEBUG JobRequest
Callback - State: Ready


2026-01-14 12:04:40,095 [T9] INFO  JobRunnerHook
HotKey Hook Started

2026-01-14 12:04:40,096 [T9] INFO  JobRequest
##############################################################
### STATE: Starting
##############################################################


2026-01-14 12:04:40,099 [T13-ScriptEngine] INFO  JobRunner
RunProcess start

2026-01-14 12:04:40,101 [T13-ScriptEngine] INFO  JobRequest
##############################################################
### STATE: Running
##############################################################


2026-01-14 12:04:40,101 [T13-ScriptEngine] INFO  JobRequest
Last job life cycle state: Running

2026-01-14 12:04:40,109 [T10] DEBUG JobRequest
Callback - State: Starting


2026-01-14 12:04:40,109 [T10] DEBUG JobRequest
Callback - State: Running


2026-01-14 12:04:41,357 [T13-ScriptEngine] DEBUG ScreenCapture
DirectX Screen Capture Initialized.

2026-01-14 12:04:41,436 [T13-ScriptEngine] DEBUG JobRunner
DirectX ScreenCapture Checked.

2026-01-14 12:04:41,470 [T13-ScriptEngine] INFO  JobRequest
##############################################################
### STATE: StartProcess - T_Download_Files
##############################################################
f5fbb075-1058-4c53-a607-c931b439040f
T_Download_Files


2026-01-14 12:04:41,533 [T13-ScriptEngine] INFO  JobRequest
**************************************************************
*** TASK: T_Download_Files
**************************************************************
 - STEP 1: S71b7fb51b3cb4780aab9fa142f69cfef (19/20) - (1/1)
 - [19] OpenBrowser


2026-01-14 12:04:41,811 [T13-ScriptEngine] INFO  UiaAppHelper
Open App: C:\Program Files\Internet Explorer\iexplore.exe
Arguments: www.naver.com
Derived App: iexplore

2026-01-14 12:04:41,986 [T13-ScriptEngine] INFO  UiaAppHelper
Process 'iexplore'(pid: 5252) Started.

2026-01-14 12:04:42,487 [T13-ScriptEngine] WARN  UiaAppHelper
The newly launched process(PID:5252) is immediately terminated.

2026-01-14 12:04:45,657 [T13-ScriptEngine] DEBUG UiaAppHelper
Timeout - The number of new target application windows: 0

2026-01-14 12:04:45,660 [T13-ScriptEngine] ERROR UiaAppHelper
앱 프로세스가 시작되었으나 실행 상태를 확인할 수 없습니다.
앱 실행을 위한 명령어와 실행인자, 실행 확인을 위한 검사 속성을 확인해주세요.
이미 실행 중인 앱이 명령을 처리하거나 새로 시작된 앱이 즉시 종료되는 경우, 앱의 실행을 검사하지 않도록 'Derived App'을 null로 설정하세요.

 - Command: C:\Program Files\Internet Explorer\iexplore.exe
 - Arguments: www.naver.com
 - Derived App: iexplore
 - WaitTime: 3

2026-01-14 12:04:45,673 [T13-ScriptEngine] WARN  ScriptSupport
CatchException: 앱 프로세스가 시작되었으나 실행 상태를 확인할 수 없습니다.
앱 실행을 위한 명령어와 실행인자, 실행 확인을 위한 검사 속성을 확인해주세요.
이미 실행 중인 앱이 명령을 처리하거나 새로 시작된 앱이 즉시 종료되는 경우, 앱의 실행을 검사하지 않도록 'Derived App'을 null로 설정하세요.

 - Command: C:\Program Files\Internet Explorer\iexplore.exe
 - Arguments: www.naver.com
 - Derived App: iexplore
 - WaitTime: 3

2026-01-14 12:04:45,673 [T13-ScriptEngine] INFO  JobRunner
[PASS] TASK: T_Download_Files

2026-01-14 12:04:45,704 [T13-ScriptEngine] INFO  JobRequest
##############################################################
### STATE: EndProcess - T_Download_Files
##############################################################
f5fbb075-1058-4c53-a607-c931b439040f
T_Download_Files


2026-01-14 12:04:45,736 [T13-ScriptEngine] INFO  JobRunner
RunProcess - Job Result: {}

2026-01-14 12:04:45,737 [T13-ScriptEngine] DEBUG JobManager
Set Result State: Completed

2026-01-14 12:04:45,742 [T13-ScriptEngine] INFO  JobRunner
Make report.

2026-01-14 12:04:45,786 [T13-ScriptEngine] INFO  JobRunner
Start to clean up resources.

2026-01-14 12:04:45,787 [T9] DEBUG JobRunner
Start timer for checking the job to be completed.

2026-01-14 12:04:45,788 [T13-ScriptEngine] DEBUG JobRunner
OnProcessCompleted

2026-01-14 12:04:45,788 [T13-ScriptEngine] INFO  JobRunner
Start to clean up resources.

2026-01-14 12:04:45,791 [T13-ScriptEngine] DEBUG JobRunner
Remove all libraries

2026-01-14 12:04:45,798 [T13-ScriptEngine] DEBUG NetPlayer
WebPlayer OnDispose

2026-01-14 12:04:45,801 [T13-ScriptEngine] DEBUG WebPlayer
WebPlayer OnDispose : Do Nothing

2026-01-14 12:04:45,803 [T13-ScriptEngine] DEBUG UiaAppHelper
WinHelper DisposeAppList Count: 0

2026-01-14 12:04:45,804 [T13-ScriptEngine] INFO  JobRunner
All Resources Clear

2026-01-14 12:04:45,807 [T13-ScriptEngine] DEBUG JobRunner
OnCompleted

2026-01-14 12:04:45,807 [T13-ScriptEngine] DEBUG JobRunner
SendJobResult: Completed

2026-01-14 12:04:45,807 [T13-ScriptEngine] INFO  JobRequest
##############################################################
### STATE: Completed
##############################################################
{}


2026-01-14 12:04:45,807 [T13-ScriptEngine] INFO  JobRequest
Last job life cycle state: Completed

2026-01-14 12:04:45,810 [T13-ScriptEngine] DEBUG JobDBManager
Set last life-cycle state: Completed - {}

2026-01-14 12:04:45,833 [T10] DEBUG JobRequest
Callback - State: Completed
{}

2026-01-14 12:04:45,837 [T13-ScriptEngine] INFO  JobRequest
##############################################################
### JOB COMPLETED
##############################################################


2026-01-14 12:04:45,849 [T10] INFO  JobRequest
Callback - EngineClosed

2026-01-14 12:04:45,850 [T10] INFO  JobService
Disconnect agent service

2026-01-14 12:04:45,851 [T10] DEBUG JobRequest
End of Callback Sender

