2026-01-14 11:58:48,468 [T1] INFO  EngineStarter
BOT Engine Start - v3.1.125.00925 at 2026-01-14 오전 11:58:48
EngineID: D_20260114_115847_522
PID : 7204
PPID: 1932
Working Directory: C:\Users\5Class_012\AppData\Roaming\Brity RPA Designer

2026-01-14 11:58:48,489 [T1] INFO  EngineStarter
System Language: ko-KR
Resolution: 3520 x 1080

2026-01-14 11:58:48,755 [T1] INFO  Config
Initialize Config

2026-01-14 11:58:48,804 [T1] DEBUG Config
Config Loaded

2026-01-14 11:58:48,804 [T1] DEBUG Config
Backup config file.

2026-01-14 11:58:48,813 [T1] INFO  Config
Orchestrator Service => https://bwrpa.samsungsds.com:8777

2026-01-14 11:58:48,818 [T1] INFO  Config
Initialize Resource Config

2026-01-14 11:58:48,848 [T1] DEBUG Config
Refresh Language Information

2026-01-14 11:58:48,928 [T1] INFO  Config
All Config Initialized.

2026-01-14 11:58:48,935 [T1] DEBUG KeyManager
Initialize KeyManager

2026-01-14 11:58:48,939 [T1] DEBUG KeyManager
Load device unique id.

2026-01-14 11:58:48,949 [T1] DEBUG KeyManager
Device ID is initialized.

2026-01-14 11:58:48,958 [T1] INFO  Config
Activated License Type : StandAloneDesigner

2026-01-14 11:58:49,075 [T5] DEBUG JobService
Connect to agent service

2026-01-14 11:58:49,125 [T5] DEBUG JobService
JobService URL : net.tcp://127.0.0.1:59001/rpa/agent

2026-01-14 11:58:49,125 [T5] DEBUG JobService
Open connection

2026-01-14 11:58:49,128 [T1] DEBUG ApplicationInitializer
InitMode: Thread

2026-01-14 11:58:49,145 [T1] INFO  LibraryManager
Load Libraries - Started

2026-01-14 11:58:49,147 [T5] DEBUG JobService
Register engine to agent

2026-01-14 11:58:49,162 [T5] DEBUG JobService
Engine is connected to agent service.

2026-01-14 11:58:49,162 [T5] DEBUG JobService
Owner Process PID: 1932

2026-01-14 11:58:49,162 [T1] DEBUG AddInLoader
Load Assembly : IPA.Lib.Chrome

2026-01-14 11:58:49,165 [T5] INFO  JobService
Start monitoring owner process is terminated.

2026-01-14 11:58:49,413 [T1] DEBUG AddInLoader
Load Assembly : IPA.Lib.Desktop

2026-01-14 11:58:49,615 [T1] DEBUG AddInLoader
Load Assembly : IPA.Lib.Excel

2026-01-14 11:58:49,948 [T1] DEBUG AddInLoader
Load Assembly : IPA.Lib.Flow

2026-01-14 11:58:50,153 [T1] DEBUG AddInLoader
Load Assembly : IPA.Lib.IE

2026-01-14 11:58:50,298 [T1] DEBUG AddInLoader
Load Assembly : IPA.Lib.ImageConverter

2026-01-14 11:58:50,360 [T1] DEBUG AddInLoader
Load Assembly : IPA.Lib.ImageRecognition

2026-01-14 11:58:50,569 [T1] DEBUG AddInLoader
Load Assembly : IPA.Lib.MicrosoftOCR

2026-01-14 11:58:50,646 [T1] DEBUG AddInLoader
Load Assembly : IPA.Lib.Net

2026-01-14 11:58:50,738 [T1] DEBUG AddInLoader
Load Assembly : IPA.Lib.Orchestra

2026-01-14 11:58:50,827 [T1] DEBUG AddInLoader
Load Assembly : IPA.Lib.ProcessFlow

2026-01-14 11:58:50,927 [T1] DEBUG AddInLoader
Load Assembly : IPA.Lib.SAP

2026-01-14 11:58:51,023 [T1] DEBUG AddInLoader
Load Assembly : IPA.Lib.Web

2026-01-14 11:58:51,129 [T1] DEBUG AddInLoader
Load Assembly : IPA.Lib.Win

2026-01-14 11:58:51,252 [T1] INFO  ScreenCapture
Default Screen Capture Bounds: 0,0,3520,1080

2026-01-14 11:58:51,285 [T1] DEBUG AddInLoader
Load Assembly : BrityRPA.AddIn.NativeApp

2026-01-14 11:58:51,401 [T1] DEBUG AddInLoader
Load Assembly : BrityWorks.AddIn.Outlook

2026-01-14 11:58:51,468 [T1] DEBUG AddInLoader
Load Assembly : BrityWorks.AddIn.Pdf

2026-01-14 11:58:51,560 [T1] DEBUG LibraryManager
Load Library - Chrome

2026-01-14 11:58:51,575 [T1] DEBUG LibraryManager
Load Library - Desktop

2026-01-14 11:58:51,591 [T1] DEBUG LibraryManager
Load Library - Excel

2026-01-14 11:58:51,605 [T1] DEBUG LibraryManager
Load Library - Flow

2026-01-14 11:58:51,621 [T1] DEBUG LibraryManager
Load Library - IE

2026-01-14 11:58:51,637 [T1] DEBUG LibraryManager
Load Library - ImageConverter

2026-01-14 11:58:51,652 [T1] DEBUG LibraryManager
Load Library - ImageRecognition

2026-01-14 11:58:51,667 [T1] DEBUG LibraryManager
Load Library - MicrosoftOCR

2026-01-14 11:58:51,682 [T1] DEBUG LibraryManager
Load Library - NativeApp

2026-01-14 11:58:51,698 [T1] DEBUG LibraryManager
Load Library - Net

2026-01-14 11:58:51,713 [T1] DEBUG LibraryManager
Load Library - Orchestra

2026-01-14 11:58:51,729 [T1] DEBUG LibraryManager
Load Library - Outlook

2026-01-14 11:58:51,745 [T1] DEBUG LibraryManager
Load Library - Pdf

2026-01-14 11:58:51,761 [T1] DEBUG LibraryManager
Load Library - SAP

2026-01-14 11:58:51,777 [T1] DEBUG LibraryManager
Load Library - Web

2026-01-14 11:58:51,792 [T1] DEBUG LibraryManager
Load Library - Win

2026-01-14 11:58:51,808 [T1] DEBUG LibraryManager
Load Library - WorkFlow

2026-01-14 11:58:51,813 [T1] DEBUG LibraryManager
Load built-in script libraries

2026-01-14 11:58:52,079 [T1] INFO  LibraryManager
Load Libraries - Completed.

2026-01-14 11:58:52,092 [T1] INFO  App
Launch Arguments: Total: 6 |  -eid D_20260114_115847_522 -runtype ProcRunner -ppid 1932

2026-01-14 11:58:52,092 [T1] DEBUG Config
Refresh Language Information

2026-01-14 11:58:52,093 [T1] DEBUG LibraryManager
LibraryManager Initialized.

2026-01-14 12:04:03,417 [T7] INFO  JobService
Start Job: T_Download_Files (Foreground)
{
  "JobType": 1,
  "State": 0,
  "IsRunning": false,
  "ResultMessage": null,
  "StartTime": "2026-01-14 12:04:03",
  "EndTime": null,
  "JobId": "Designer_20260114_120403_025",
  "UserAuthentication": null,
  "ProcessPath": "C:\\Users\\5Class_012\\Desktop\\project\\Team_1_Main\\RPA\\Team1_Main_RPA\\T_Download_Files.proc",
  "ProcessId": "f5fbb075-1058-4c53-a607-c931b439040f",
  "ProcessVer": "",
  "ProcessArgs": ";S71b7fb51b3cb4780aab9fa142f69cfef;False",
  "RequesterType": 3,
  "RequesterId": "designer",
  "RequesterPID": 1932,
  "OptionsJsonString": null,
  "TimeoutSec": 0,
  "EngineID": "D_20260114_115847_522",
  "EnginePID": 0,
  "EngineRecommededVersion": "",
  "JobWorkDir": "C:\\Users\\5Class_012\\Desktop\\project\\Team_1_Main\\RPA\\Team1_Main_RPA\\Histories\\20260114_120403_T_Download_Files_Designer_20260114_120403_025",
  "JobLogDir": "C:\\Users\\5Class_012\\Desktop\\project\\Team_1_Main\\RPA\\Team1_Main_RPA\\Histories\\20260114_120403_T_Download_Files_Designer_20260114_120403_025\\Log",
  "JobScreenshotDir": "C:\\Users\\5Class_012\\Desktop\\project\\Team_1_Main\\RPA\\Team1_Main_RPA\\Histories\\20260114_120403_T_Download_Files_Designer_20260114_120403_025\\Log\\Screenshot"
}

2026-01-14 12:04:03,560 [T3] DEBUG JobService
Waiting library loading...

2026-01-14 12:04:03,562 [T3] DEBUG Config
Reload User Settings

2026-01-14 12:04:03,565 [T3] INFO  JobService
Config Loading Completed.

2026-01-14 12:04:03,566 [T3] DEBUG JobService
Config Loading Time: 6 ms.

2026-01-14 12:04:03,570 [T3] DEBUG JobService
Check Shared Token

2026-01-14 12:04:03,571 [T3] DEBUG TokenManager
Load connection token

2026-01-14 12:04:03,575 [T3] DEBUG TokenManager
Clear Connection Token - No Shared Token

2026-01-14 12:04:03,583 [T3] DEBUG ServerInformationClient
get server features for engine bot from config.

2026-01-14 12:04:03,585 [T3] INFO  Config
Try to load server features from config.

2026-01-14 12:04:03,587 [T3] DEBUG ServerInformationClient
get server features for engine bot from config.

2026-01-14 12:04:03,589 [T3] INFO  TokenManager
SecurityType in server feature : v2

2026-01-14 12:04:03,589 [T3] INFO  TokenManager
SecurityType : v2

2026-01-14 12:04:03,592 [T3] INFO  JobService
Shared Token - No Token

2026-01-14 12:04:03,598 [T3] INFO  JobManager
Create JobManager instance for job T_Download_Files(Designer_20260114_120403_025)

2026-01-14 12:04:03,607 [T3] INFO  JobRequest
Job ID : Designer_20260114_120403_025
Project Path  : C:\Users\5Class_012\Desktop\project\Team_1_Main\RPA\Team1_Main_RPA\Team1_Main_RPA.proj
Process Name  : T_Download_Files
Engine Mode   : Designer
Requester Type: Designer
Requester PID : 1932

2026-01-14 12:04:03,610 [T10] INFO  JobRequest
Start Callback Sender

2026-01-14 12:04:03,610 [T10] DEBUG JobRequest
Step Callback Interval: 500

2026-01-14 12:04:03,657 [T3] DEBUG ProjectManager
Set Project Information

2026-01-14 12:04:03,683 [T3] INFO  PlayOptionManager
PlayOption
- Step Interval : 1
- Disable DrawBounds : False
- Invoke First : False
- Allow Upload of DumpScreen results : False

2026-01-14 12:04:03,685 [T3] INFO  JobRunner
Initialize Script Engine

2026-01-14 12:04:03,702 [T13-ScriptEngine] INFO  JobRequest
##############################################################
### STATE: Initializing
##############################################################


2026-01-14 12:04:03,731 [T10] DEBUG JobRequest
Callback - State: Initializing


2026-01-14 12:04:04,764 [T13-ScriptEngine] INFO  JobRequest
##############################################################
### STATE: Ready
##############################################################


2026-01-14 12:04:04,773 [T10] DEBUG JobRequest
Callback - State: Ready


2026-01-14 12:04:04,776 [T3] INFO  JobRunnerHook
HotKey Hook Started

2026-01-14 12:04:04,777 [T3] INFO  JobRequest
##############################################################
### STATE: Starting
##############################################################


2026-01-14 12:04:04,778 [T13-ScriptEngine] INFO  JobRunner
RunProcess start

2026-01-14 12:04:04,781 [T13-ScriptEngine] INFO  JobRequest
##############################################################
### STATE: Running
##############################################################


2026-01-14 12:04:04,781 [T13-ScriptEngine] INFO  JobRequest
Last job life cycle state: Running

2026-01-14 12:04:04,789 [T10] DEBUG JobRequest
Callback - State: Starting


2026-01-14 12:04:04,789 [T10] DEBUG JobRequest
Callback - State: Running


2026-01-14 12:04:06,133 [T13-ScriptEngine] DEBUG ScreenCapture
DirectX Screen Capture Initialized.

2026-01-14 12:04:06,228 [T13-ScriptEngine] DEBUG JobRunner
DirectX ScreenCapture Checked.

2026-01-14 12:04:06,264 [T13-ScriptEngine] INFO  JobRequest
##############################################################
### STATE: StartProcess - T_Download_Files
##############################################################
f5fbb075-1058-4c53-a607-c931b439040f
T_Download_Files


2026-01-14 12:04:06,327 [T13-ScriptEngine] INFO  JobRequest
**************************************************************
*** TASK: T_Download_Files
**************************************************************
 - STEP 1: S0cd63776d89744718d64094c0e2fb14e (1/20) - (1/19)
 - [1] ChromeGetListData


2026-01-14 12:04:06,589 [T11] DEBUG LastUsedPageManager
브라우저를 찾을 수 없습니다.
브라우저를 생성 해주세요.

2026-01-14 12:04:06,590 [T11] DEBUG PageManager
브라우저를 찾을 수 없습니다.
브라우저를 생성 해주세요.

2026-01-14 12:04:06,592 [T11] DEBUG ChromePlayer
Chrome Set Report Page Image Fail : page or result is null

2026-01-14 12:04:06,593 [T13-ScriptEngine] DEBUG ChromeCommon
브라우저를 찾을 수 없습니다.
브라우저를 생성 해주세요.

2026-01-14 12:04:06,595 [T13-ScriptEngine] DEBUG ChromeExceptionExtension
브라우저를 찾을 수 없습니다.
브라우저를 생성 해주세요.하나 이상의 오류가 발생했습니다.

2026-01-14 12:04:08,940 [T13-ScriptEngine] WARN  ScriptSupport
[CATCH_STEP_EXCEPTION] Process: T_Download_Files
Step: ChromeGetListData (1/20)

Error: 브라우저를 찾을 수 없습니다.
브라우저를 생성 해주세요.

2026-01-14 12:04:08,945 [T13-ScriptEngine] FINE  JobRunner
RunTask ExceptionOccured. TASK: T_Download_Files => 브라우저를 찾을 수 없습니다.
브라우저를 생성 해주세요.

2026-01-14 12:04:08,970 [T13-ScriptEngine] INFO  JobRequest
##############################################################
### STATE: EndProcess - T_Download_Files
##############################################################
f5fbb075-1058-4c53-a607-c931b439040f
T_Download_Files


2026-01-14 12:04:08,991 [T13-ScriptEngine] ERROR JobRunner
Process: T_Download_Files
Step: ChromeGetListData (1/20)

브라우저를 찾을 수 없습니다.
브라우저를 생성 해주세요.

[CallStack]
  - T_Download_Files: [1] ChromeGetListData

[Global Variables]
  - Drag_Value = <undefined> (Undefined)
  - RESULT = <null> (Any)

[T_Download_Files Variables]
  - FileExist = <undefined> (Undefined)
  - Result_List = <undefined> (Undefined)
  - PDF = <undefined> (Undefined)
  - CSV = <undefined> (Undefined)
  - Result_Route = 'C:\\Users\\5Class_012\\Desktop\\Project_Result\\' (String)

2026-01-14 12:04:08,992 [T13-ScriptEngine] DEBUG JobManager
Set Result State: ExceptionOccured

2026-01-14 12:04:09,925 [T13-ScriptEngine] INFO  JobRunner
Make report.

2026-01-14 12:04:09,976 [T13-ScriptEngine] INFO  JobRunner
Start to clean up resources.

2026-01-14 12:04:09,977 [T11] DEBUG JobRunner
Start timer for checking the job to be completed.

2026-01-14 12:04:09,978 [T13-ScriptEngine] DEBUG JobRunner
OnProcessFailed

2026-01-14 12:04:09,981 [T13-ScriptEngine] INFO  JobRunner
Start to clean up resources.

2026-01-14 12:04:09,984 [T13-ScriptEngine] DEBUG JobRunner
Remove all libraries

2026-01-14 12:04:10,001 [T13-ScriptEngine] DEBUG NetPlayer
WebPlayer OnDispose

2026-01-14 12:04:10,003 [T13-ScriptEngine] DEBUG WebPlayer
WebPlayer OnDispose : Do Nothing

2026-01-14 12:04:10,008 [T13-ScriptEngine] DEBUG UiaAppHelper
WinHelper DisposeAppList Count: 0

2026-01-14 12:04:10,009 [T13-ScriptEngine] INFO  JobRunner
All Resources Clear

2026-01-14 12:04:10,011 [T13-ScriptEngine] DEBUG JobRunner
OnCompleted

2026-01-14 12:04:10,012 [T13-ScriptEngine] DEBUG JobRunner
SendJobResult: ExceptionOccured

2026-01-14 12:04:10,012 [T13-ScriptEngine] INFO  JobRequest
##############################################################
### STATE: ExceptionOccured
##############################################################
Process: T_Download_Files
Step: ChromeGetListData (1/20)

브라우저를 찾을 수 없습니다.
브라우저를 생성 해주세요.

[CallStack]
  - T_Download_Files: [1] ChromeGetListData

[Global Variables]
  - Drag_Value = <undefined> (Undefined)
  - RESULT = <null> (Any)

[T_Download_Files Variables]
  - FileExist = <undefined> (Undefined)
  - Result_List = <undefined> (Undefined)
  - PDF = <undefined> (Undefined)
  - CSV = <undefined> (Undefined)
  - Result_Route = 'C:\\Users\\5Class_012\\Desktop\\Project_Result\\' (String)


2026-01-14 12:04:10,012 [T13-ScriptEngine] INFO  JobRequest
Last job life cycle state: ExceptionOccured

2026-01-14 12:04:10,015 [T13-ScriptEngine] DEBUG JobDBManager
Set last life-cycle state: ExceptionOccured - Process: T_Download_Files
Step: ChromeGetListData (1/20)

브라우저를 찾을 수 없습니다.
브라우저를 생성 해주세요.

[CallStack]
  - T_Download_Files: [1] ChromeGetListData

[Global Variables]
  - Drag_Value = <undefined> (Undefined)
  - RESULT = <null> (Any)

[T_Download_Files Variables]
  - FileExist = <undefined> (Undefined)
  - Result_List = <undefined> (Undefined)
  - PDF = <undefined> (Undefined)
  - CSV = <undefined> (Undefined)
  - Result_Route = 'C:\\Users\\5Class_012\\Desktop\\Project_Result\\' (String)

2026-01-14 12:04:10,049 [T13-ScriptEngine] INFO  JobRequest
##############################################################
### JOB COMPLETED
##############################################################


2026-01-14 12:04:10,054 [T10] DEBUG JobRequest
Callback - State: ExceptionOccured
Process: T_Download_Files
Step: ChromeGetListData (1/20)

브라우저를 찾을 수 없습니다.
브라우저를 생성 해주세요.

[CallStack]
  - T_Download_Files: [1] ChromeGetListData

[Global Variables]
  - Drag_Value = <undefined> (Undefined)
  - RESULT = <null> (Any)

[T_Download_Files Variables]
  - FileExist = <undefined> (Undefined)
  - Result_List = <undefined> (Undefined)
  - PDF = <undefined> (Undefined)
  - CSV = <undefined> (Undefined)
  - Result_Route = 'C:\\Users\\5Class_012\\Desktop\\Project_Result\\' (String)

2026-01-14 12:04:10,057 [T10] INFO  JobRequest
Callback - EngineClosed

2026-01-14 12:04:10,059 [T10] INFO  JobService
Disconnect agent service

2026-01-14 12:04:10,061 [T10] DEBUG JobRequest
End of Callback Sender

