2026-01-14 12:04:46,986 [T1] INFO  EngineStarter
BOT Engine Start - v3.1.125.00925 at 2026-01-14 오후 12:04:46
EngineID: D_20260114_120446_138
PID : 16000
PPID: 1932
Working Directory: C:\Users\5Class_012\AppData\Roaming\Brity RPA Designer

2026-01-14 12:04:47,005 [T1] INFO  EngineStarter
System Language: ko-KR
Resolution: 3520 x 1080

2026-01-14 12:04:47,238 [T1] INFO  Config
Initialize Config

2026-01-14 12:04:47,278 [T1] DEBUG Config
Config Loaded

2026-01-14 12:04:47,279 [T1] DEBUG Config
Backup config file.

2026-01-14 12:04:47,289 [T1] INFO  Config
Orchestrator Service => https://bwrpa.samsungsds.com:8777

2026-01-14 12:04:47,293 [T1] INFO  Config
Initialize Resource Config

2026-01-14 12:04:47,323 [T1] DEBUG Config
Refresh Language Information

2026-01-14 12:04:47,404 [T1] INFO  Config
All Config Initialized.

2026-01-14 12:04:47,411 [T1] DEBUG KeyManager
Initialize KeyManager

2026-01-14 12:04:47,414 [T1] DEBUG KeyManager
Load device unique id.

2026-01-14 12:04:47,421 [T1] DEBUG KeyManager
Device ID is initialized.

2026-01-14 12:04:47,425 [T1] INFO  Config
Activated License Type : StandAloneDesigner

2026-01-14 12:04:47,525 [T4] DEBUG JobService
Connect to agent service

2026-01-14 12:04:47,555 [T1] DEBUG ApplicationInitializer
InitMode: Thread

2026-01-14 12:04:47,559 [T4] DEBUG JobService
JobService URL : net.tcp://127.0.0.1:59001/rpa/agent

2026-01-14 12:04:47,559 [T4] DEBUG JobService
Open connection

2026-01-14 12:04:47,566 [T1] INFO  LibraryManager
Load Libraries - Started

2026-01-14 12:04:47,576 [T4] DEBUG JobService
Register engine to agent

2026-01-14 12:04:47,577 [T1] DEBUG AddInLoader
Load Assembly : IPA.Lib.Chrome

2026-01-14 12:04:47,589 [T4] DEBUG JobService
Engine is connected to agent service.

2026-01-14 12:04:47,589 [T4] DEBUG JobService
Owner Process PID: 1932

2026-01-14 12:04:47,593 [T4] INFO  JobService
Start monitoring owner process is terminated.

2026-01-14 12:04:47,784 [T1] DEBUG AddInLoader
Load Assembly : IPA.Lib.Desktop

2026-01-14 12:04:47,947 [T1] DEBUG AddInLoader
Load Assembly : IPA.Lib.Excel

2026-01-14 12:04:48,100 [T1] DEBUG AddInLoader
Load Assembly : IPA.Lib.Flow

2026-01-14 12:04:48,208 [T1] DEBUG AddInLoader
Load Assembly : IPA.Lib.IE

2026-01-14 12:04:48,315 [T1] DEBUG AddInLoader
Load Assembly : IPA.Lib.ImageConverter

2026-01-14 12:04:48,386 [T1] DEBUG AddInLoader
Load Assembly : IPA.Lib.ImageRecognition

2026-01-14 12:04:48,565 [T1] DEBUG AddInLoader
Load Assembly : IPA.Lib.MicrosoftOCR

2026-01-14 12:04:48,621 [T1] DEBUG AddInLoader
Load Assembly : IPA.Lib.Net

2026-01-14 12:04:48,707 [T1] DEBUG AddInLoader
Load Assembly : IPA.Lib.Orchestra

2026-01-14 12:04:48,786 [T1] DEBUG AddInLoader
Load Assembly : IPA.Lib.ProcessFlow

2026-01-14 12:04:48,872 [T1] DEBUG AddInLoader
Load Assembly : IPA.Lib.SAP

2026-01-14 12:04:48,954 [T1] DEBUG AddInLoader
Load Assembly : IPA.Lib.Web

2026-01-14 12:04:49,055 [T1] DEBUG AddInLoader
Load Assembly : IPA.Lib.Win

2026-01-14 12:04:49,178 [T1] INFO  ScreenCapture
Default Screen Capture Bounds: 0,0,3520,1080

2026-01-14 12:04:49,208 [T1] DEBUG AddInLoader
Load Assembly : BrityRPA.AddIn.NativeApp

2026-01-14 12:04:49,315 [T1] DEBUG AddInLoader
Load Assembly : BrityWorks.AddIn.Outlook

2026-01-14 12:04:49,383 [T1] DEBUG AddInLoader
Load Assembly : BrityWorks.AddIn.Pdf

2026-01-14 12:04:49,471 [T1] DEBUG LibraryManager
Load Library - Chrome

2026-01-14 12:04:49,503 [T1] DEBUG LibraryManager
Load Library - Desktop

2026-01-14 12:04:49,519 [T1] DEBUG LibraryManager
Load Library - Excel

2026-01-14 12:04:49,535 [T1] DEBUG LibraryManager
Load Library - Flow

2026-01-14 12:04:49,549 [T1] DEBUG LibraryManager
Load Library - IE

2026-01-14 12:04:49,565 [T1] DEBUG LibraryManager
Load Library - ImageConverter

2026-01-14 12:04:49,580 [T1] DEBUG LibraryManager
Load Library - ImageRecognition

2026-01-14 12:04:49,596 [T1] DEBUG LibraryManager
Load Library - MicrosoftOCR

2026-01-14 12:04:49,612 [T1] DEBUG LibraryManager
Load Library - NativeApp

2026-01-14 12:04:49,628 [T1] DEBUG LibraryManager
Load Library - Net

2026-01-14 12:04:49,644 [T1] DEBUG LibraryManager
Load Library - Orchestra

2026-01-14 12:04:49,660 [T1] DEBUG LibraryManager
Load Library - Outlook

2026-01-14 12:04:49,675 [T1] DEBUG LibraryManager
Load Library - Pdf

2026-01-14 12:04:49,691 [T1] DEBUG LibraryManager
Load Library - SAP

2026-01-14 12:04:49,706 [T1] DEBUG LibraryManager
Load Library - Web

2026-01-14 12:04:49,722 [T1] DEBUG LibraryManager
Load Library - Win

2026-01-14 12:04:49,737 [T1] DEBUG LibraryManager
Load Library - WorkFlow

2026-01-14 12:04:49,743 [T1] DEBUG LibraryManager
Load built-in script libraries

2026-01-14 12:04:50,035 [T1] INFO  LibraryManager
Load Libraries - Completed.

2026-01-14 12:04:50,053 [T1] INFO  App
Launch Arguments: Total: 6 |  -eid D_20260114_120446_138 -runtype ProcRunner -ppid 1932

2026-01-14 12:04:50,053 [T1] DEBUG Config
Refresh Language Information

2026-01-14 12:04:50,054 [T1] DEBUG LibraryManager
LibraryManager Initialized.

2026-01-14 12:04:54,647 [T8] INFO  JobService
Start Job: T_Download_Files (Foreground)
{
  "JobType": 1,
  "State": 0,
  "IsRunning": false,
  "ResultMessage": null,
  "StartTime": "2026-01-14 12:04:54",
  "EndTime": null,
  "JobId": "Designer_20260114_120454_285",
  "UserAuthentication": null,
  "ProcessPath": "C:\\Users\\5Class_012\\Desktop\\project\\Team_1_Main\\RPA\\Team1_Main_RPA\\T_Download_Files.proc",
  "ProcessId": "f5fbb075-1058-4c53-a607-c931b439040f",
  "ProcessVer": "",
  "ProcessArgs": "S71b7fb51b3cb4780aab9fa142f69cfef;S71b7fb51b3cb4780aab9fa142f69cfef;False",
  "RequesterType": 3,
  "RequesterId": "designer",
  "RequesterPID": 1932,
  "OptionsJsonString": null,
  "TimeoutSec": 0,
  "EngineID": "D_20260114_120446_138",
  "EnginePID": 0,
  "EngineRecommededVersion": "",
  "JobWorkDir": "C:\\Users\\5Class_012\\Desktop\\project\\Team_1_Main\\RPA\\Team1_Main_RPA\\Histories\\20260114_120454_T_Download_Files_Designer_20260114_120454_285",
  "JobLogDir": "C:\\Users\\5Class_012\\Desktop\\project\\Team_1_Main\\RPA\\Team1_Main_RPA\\Histories\\20260114_120454_T_Download_Files_Designer_20260114_120454_285\\Log",
  "JobScreenshotDir": "C:\\Users\\5Class_012\\Desktop\\project\\Team_1_Main\\RPA\\Team1_Main_RPA\\Histories\\20260114_120454_T_Download_Files_Designer_20260114_120454_285\\Log\\Screenshot"
}

2026-01-14 12:04:54,794 [T6] DEBUG JobService
Waiting library loading...

2026-01-14 12:04:54,797 [T6] DEBUG Config
Reload User Settings

2026-01-14 12:04:54,800 [T6] INFO  JobService
Config Loading Completed.

2026-01-14 12:04:54,800 [T6] DEBUG JobService
Config Loading Time: 4 ms.

2026-01-14 12:04:54,805 [T6] DEBUG JobService
Check Shared Token

2026-01-14 12:04:54,806 [T6] DEBUG TokenManager
Load connection token

2026-01-14 12:04:54,808 [T6] DEBUG TokenManager
Clear Connection Token - No Shared Token

2026-01-14 12:04:54,816 [T6] DEBUG ServerInformationClient
get server features for engine bot from config.

2026-01-14 12:04:54,818 [T6] INFO  Config
Try to load server features from config.

2026-01-14 12:04:54,821 [T6] DEBUG ServerInformationClient
get server features for engine bot from config.

2026-01-14 12:04:54,822 [T6] INFO  TokenManager
SecurityType in server feature : v2

2026-01-14 12:04:54,823 [T6] INFO  TokenManager
SecurityType : v2

2026-01-14 12:04:54,826 [T6] INFO  JobService
Shared Token - No Token

2026-01-14 12:04:54,832 [T6] INFO  JobManager
Create JobManager instance for job T_Download_Files(Designer_20260114_120454_285)

2026-01-14 12:04:54,840 [T6] INFO  JobRequest
Job ID : Designer_20260114_120454_285
Project Path  : C:\Users\5Class_012\Desktop\project\Team_1_Main\RPA\Team1_Main_RPA\Team1_Main_RPA.proj
Process Name  : T_Download_Files
Engine Mode   : Designer
Requester Type: Designer
Requester PID : 1932

2026-01-14 12:04:54,842 [T7] INFO  JobRequest
Start Callback Sender

2026-01-14 12:04:54,842 [T7] DEBUG JobRequest
Step Callback Interval: 500

2026-01-14 12:04:54,890 [T6] DEBUG ProjectManager
Set Project Information

2026-01-14 12:04:54,916 [T6] INFO  PlayOptionManager
PlayOption
- Step Interval : 1
- Disable DrawBounds : False
- Invoke First : False
- Allow Upload of DumpScreen results : False

2026-01-14 12:04:54,917 [T6] INFO  JobRunner
Initialize Script Engine

2026-01-14 12:04:54,935 [T11-ScriptEngine] INFO  JobRequest
##############################################################
### STATE: Initializing
##############################################################


2026-01-14 12:04:54,968 [T7] DEBUG JobRequest
Callback - State: Initializing


2026-01-14 12:04:55,979 [T11-ScriptEngine] INFO  JobRequest
##############################################################
### STATE: Ready
##############################################################


2026-01-14 12:04:55,992 [T6] INFO  JobRunnerHook
HotKey Hook Started

2026-01-14 12:04:55,993 [T6] INFO  JobRequest
##############################################################
### STATE: Starting
##############################################################


2026-01-14 12:04:55,994 [T7] DEBUG JobRequest
Callback - State: Ready


2026-01-14 12:04:55,994 [T11-ScriptEngine] INFO  JobRunner
RunProcess start

2026-01-14 12:04:55,995 [T7] DEBUG JobRequest
Callback - State: Starting


2026-01-14 12:04:55,996 [T11-ScriptEngine] INFO  JobRequest
##############################################################
### STATE: Running
##############################################################


2026-01-14 12:04:55,996 [T11-ScriptEngine] INFO  JobRequest
Last job life cycle state: Running

2026-01-14 12:04:56,024 [T7] DEBUG JobRequest
Callback - State: Running


2026-01-14 12:04:57,298 [T11-ScriptEngine] DEBUG ScreenCapture
DirectX Screen Capture Initialized.

2026-01-14 12:04:57,395 [T11-ScriptEngine] DEBUG JobRunner
DirectX ScreenCapture Checked.

2026-01-14 12:04:57,434 [T11-ScriptEngine] INFO  JobRequest
##############################################################
### STATE: StartProcess - T_Download_Files
##############################################################
f5fbb075-1058-4c53-a607-c931b439040f
T_Download_Files


2026-01-14 12:04:57,491 [T11-ScriptEngine] INFO  JobRequest
**************************************************************
*** TASK: T_Download_Files
**************************************************************
 - STEP 1: S71b7fb51b3cb4780aab9fa142f69cfef (19/20) - (1/1)
 - [19] OpenBrowser


2026-01-14 12:04:57,702 [T11-ScriptEngine] INFO  UiaAppHelper
Open App: C:\Program Files\Internet Explorer\iexplore.exe
Arguments: C:\Users\5Class_012\Desktop\Project_Result\undefined
Derived App: iexplore

2026-01-14 12:04:57,878 [T11-ScriptEngine] INFO  UiaAppHelper
Process 'iexplore'(pid: 12320) Started.

2026-01-14 12:04:58,394 [T11-ScriptEngine] WARN  UiaAppHelper
The newly launched process(PID:12320) is immediately terminated.

2026-01-14 12:05:01,588 [T11-ScriptEngine] DEBUG UiaAppHelper
Timeout - The number of new target application windows: 0

2026-01-14 12:05:01,589 [T11-ScriptEngine] ERROR UiaAppHelper
앱 프로세스가 시작되었으나 실행 상태를 확인할 수 없습니다.
앱 실행을 위한 명령어와 실행인자, 실행 확인을 위한 검사 속성을 확인해주세요.
이미 실행 중인 앱이 명령을 처리하거나 새로 시작된 앱이 즉시 종료되는 경우, 앱의 실행을 검사하지 않도록 'Derived App'을 null로 설정하세요.

 - Command: C:\Program Files\Internet Explorer\iexplore.exe
 - Arguments: C:\Users\5Class_012\Desktop\Project_Result\undefined
 - Derived App: iexplore
 - WaitTime: 3

2026-01-14 12:05:01,593 [T11-ScriptEngine] WARN  ScriptSupport
CatchException: 앱 프로세스가 시작되었으나 실행 상태를 확인할 수 없습니다.
앱 실행을 위한 명령어와 실행인자, 실행 확인을 위한 검사 속성을 확인해주세요.
이미 실행 중인 앱이 명령을 처리하거나 새로 시작된 앱이 즉시 종료되는 경우, 앱의 실행을 검사하지 않도록 'Derived App'을 null로 설정하세요.

 - Command: C:\Program Files\Internet Explorer\iexplore.exe
 - Arguments: C:\Users\5Class_012\Desktop\Project_Result\undefined
 - Derived App: iexplore
 - WaitTime: 3

2026-01-14 12:05:01,594 [T11-ScriptEngine] INFO  JobRunner
[PASS] TASK: T_Download_Files

2026-01-14 12:05:01,612 [T11-ScriptEngine] INFO  JobRequest
##############################################################
### STATE: EndProcess - T_Download_Files
##############################################################
f5fbb075-1058-4c53-a607-c931b439040f
T_Download_Files


2026-01-14 12:05:01,650 [T11-ScriptEngine] INFO  JobRunner
RunProcess - Job Result: {}

2026-01-14 12:05:01,651 [T11-ScriptEngine] DEBUG JobManager
Set Result State: Completed

2026-01-14 12:05:01,656 [T11-ScriptEngine] INFO  JobRunner
Make report.

2026-01-14 12:05:01,740 [T11-ScriptEngine] INFO  JobRunner
Start to clean up resources.

2026-01-14 12:05:01,742 [T10] DEBUG JobRunner
Start timer for checking the job to be completed.

2026-01-14 12:05:01,744 [T11-ScriptEngine] DEBUG JobRunner
OnProcessCompleted

2026-01-14 12:05:01,745 [T11-ScriptEngine] INFO  JobRunner
Start to clean up resources.

2026-01-14 12:05:01,753 [T11-ScriptEngine] DEBUG JobRunner
Remove all libraries

2026-01-14 12:05:01,763 [T11-ScriptEngine] DEBUG NetPlayer
WebPlayer OnDispose

2026-01-14 12:05:01,768 [T11-ScriptEngine] DEBUG WebPlayer
WebPlayer OnDispose : Do Nothing

2026-01-14 12:05:01,772 [T11-ScriptEngine] DEBUG UiaAppHelper
WinHelper DisposeAppList Count: 0

2026-01-14 12:05:01,773 [T11-ScriptEngine] INFO  JobRunner
All Resources Clear

2026-01-14 12:05:01,777 [T11-ScriptEngine] DEBUG JobRunner
OnCompleted

2026-01-14 12:05:01,777 [T11-ScriptEngine] DEBUG JobRunner
SendJobResult: Completed

2026-01-14 12:05:01,778 [T11-ScriptEngine] INFO  JobRequest
##############################################################
### STATE: Completed
##############################################################
{}


2026-01-14 12:05:01,778 [T11-ScriptEngine] INFO  JobRequest
Last job life cycle state: Completed

2026-01-14 12:05:01,820 [T11-ScriptEngine] DEBUG JobDBManager
Set last life-cycle state: Completed - {}

2026-01-14 12:05:01,854 [T7] DEBUG JobRequest
Callback - State: Completed
{}

2026-01-14 12:05:01,860 [T11-ScriptEngine] INFO  JobRequest
##############################################################
### JOB COMPLETED
##############################################################


2026-01-14 12:05:01,872 [T7] INFO  JobRequest
Callback - EngineClosed

2026-01-14 12:05:01,872 [T7] INFO  JobService
Disconnect agent service

2026-01-14 12:05:01,874 [T7] DEBUG JobRequest
End of Callback Sender

2026-01-14 12:05:01,887 [T1] INFO  JobService
Exit - Shutdown Engine BOT

2026-01-14 12:05:01,888 [T1] INFO  EngineStarter
EngineBOT MainWindow Closing

2026-01-14 12:05:01,888 [T1] INFO  EngineStarter
EngineBOT MainWindow Closed

2026-01-14 12:05:01,890 [T1] INFO  EngineStarter
EngineBOT Application Exit

2026-01-14 12:05:01,892 [T11-ScriptEngine] INFO  JobRunner
RunProcess end

