2026-01-14 12:05:02,865 [T1] INFO  EngineStarter
BOT Engine Start - v3.1.125.00925 at 2026-01-14 오후 12:05:02
EngineID: D_20260114_120501_873
PID : 8972
PPID: 1932
Working Directory: C:\Users\5Class_012\AppData\Roaming\Brity RPA Designer

2026-01-14 12:05:02,890 [T1] INFO  EngineStarter
System Language: ko-KR
Resolution: 3520 x 1080

2026-01-14 12:05:03,153 [T1] INFO  Config
Initialize Config

2026-01-14 12:05:03,202 [T1] DEBUG Config
Config Loaded

2026-01-14 12:05:03,203 [T1] DEBUG Config
Backup config file.

2026-01-14 12:05:03,213 [T1] INFO  Config
Orchestrator Service => https://bwrpa.samsungsds.com:8777

2026-01-14 12:05:03,220 [T1] INFO  Config
Initialize Resource Config

2026-01-14 12:05:03,254 [T1] DEBUG Config
Refresh Language Information

2026-01-14 12:05:03,335 [T1] INFO  Config
All Config Initialized.

2026-01-14 12:05:03,342 [T1] DEBUG KeyManager
Initialize KeyManager

2026-01-14 12:05:03,344 [T1] DEBUG KeyManager
Load device unique id.

2026-01-14 12:05:03,352 [T1] DEBUG KeyManager
Device ID is initialized.

2026-01-14 12:05:03,356 [T1] INFO  Config
Activated License Type : StandAloneDesigner

2026-01-14 12:05:03,442 [T4] DEBUG JobService
Connect to agent service

2026-01-14 12:05:03,475 [T1] DEBUG ApplicationInitializer
InitMode: Thread

2026-01-14 12:05:03,482 [T4] DEBUG JobService
JobService URL : net.tcp://127.0.0.1:59001/rpa/agent

2026-01-14 12:05:03,482 [T4] DEBUG JobService
Open connection

2026-01-14 12:05:03,490 [T1] INFO  LibraryManager
Load Libraries - Started

2026-01-14 12:05:03,500 [T4] DEBUG JobService
Register engine to agent

2026-01-14 12:05:03,501 [T1] DEBUG AddInLoader
Load Assembly : IPA.Lib.Chrome

2026-01-14 12:05:03,513 [T4] DEBUG JobService
Engine is connected to agent service.

2026-01-14 12:05:03,513 [T4] DEBUG JobService
Owner Process PID: 1932

2026-01-14 12:05:03,516 [T4] INFO  JobService
Start monitoring owner process is terminated.

2026-01-14 12:05:03,814 [T1] DEBUG AddInLoader
Load Assembly : IPA.Lib.Desktop

2026-01-14 12:05:04,011 [T1] DEBUG AddInLoader
Load Assembly : IPA.Lib.Excel

2026-01-14 12:05:04,195 [T1] DEBUG AddInLoader
Load Assembly : IPA.Lib.Flow

2026-01-14 12:05:04,313 [T1] DEBUG AddInLoader
Load Assembly : IPA.Lib.IE

2026-01-14 12:05:04,403 [T1] DEBUG AddInLoader
Load Assembly : IPA.Lib.ImageConverter

2026-01-14 12:05:04,460 [T1] DEBUG AddInLoader
Load Assembly : IPA.Lib.ImageRecognition

2026-01-14 12:05:04,668 [T1] DEBUG AddInLoader
Load Assembly : IPA.Lib.MicrosoftOCR

2026-01-14 12:05:04,725 [T1] DEBUG AddInLoader
Load Assembly : IPA.Lib.Net

2026-01-14 12:05:04,817 [T1] DEBUG AddInLoader
Load Assembly : IPA.Lib.Orchestra

2026-01-14 12:05:04,899 [T1] DEBUG AddInLoader
Load Assembly : IPA.Lib.ProcessFlow

2026-01-14 12:05:04,982 [T1] DEBUG AddInLoader
Load Assembly : IPA.Lib.SAP

2026-01-14 12:05:05,064 [T1] DEBUG AddInLoader
Load Assembly : IPA.Lib.Web

2026-01-14 12:05:05,219 [T1] DEBUG AddInLoader
Load Assembly : IPA.Lib.Win

2026-01-14 12:05:05,345 [T1] INFO  ScreenCapture
Default Screen Capture Bounds: 0,0,3520,1080

2026-01-14 12:05:05,386 [T1] DEBUG AddInLoader
Load Assembly : BrityRPA.AddIn.NativeApp

2026-01-14 12:05:05,526 [T1] DEBUG AddInLoader
Load Assembly : BrityWorks.AddIn.Outlook

2026-01-14 12:05:05,603 [T1] DEBUG AddInLoader
Load Assembly : BrityWorks.AddIn.Pdf

2026-01-14 12:05:05,692 [T1] DEBUG LibraryManager
Load Library - Chrome

2026-01-14 12:05:05,708 [T1] DEBUG LibraryManager
Load Library - Desktop

2026-01-14 12:05:05,723 [T1] DEBUG LibraryManager
Load Library - Excel

2026-01-14 12:05:05,739 [T1] DEBUG LibraryManager
Load Library - Flow

2026-01-14 12:05:05,754 [T1] DEBUG LibraryManager
Load Library - IE

2026-01-14 12:05:05,770 [T1] DEBUG LibraryManager
Load Library - ImageConverter

2026-01-14 12:05:05,786 [T1] DEBUG LibraryManager
Load Library - ImageRecognition

2026-01-14 12:05:05,802 [T1] DEBUG LibraryManager
Load Library - MicrosoftOCR

2026-01-14 12:05:05,818 [T1] DEBUG LibraryManager
Load Library - NativeApp

2026-01-14 12:05:05,833 [T1] DEBUG LibraryManager
Load Library - Net

2026-01-14 12:05:05,848 [T1] DEBUG LibraryManager
Load Library - Orchestra

2026-01-14 12:05:05,863 [T1] DEBUG LibraryManager
Load Library - Outlook

2026-01-14 12:05:05,879 [T1] DEBUG LibraryManager
Load Library - Pdf

2026-01-14 12:05:05,895 [T1] DEBUG LibraryManager
Load Library - SAP

2026-01-14 12:05:05,910 [T1] DEBUG LibraryManager
Load Library - Web

2026-01-14 12:05:05,925 [T1] DEBUG LibraryManager
Load Library - Win

2026-01-14 12:05:05,941 [T1] DEBUG LibraryManager
Load Library - WorkFlow

2026-01-14 12:05:05,954 [T1] DEBUG LibraryManager
Load built-in script libraries

2026-01-14 12:05:06,292 [T1] INFO  LibraryManager
Load Libraries - Completed.

2026-01-14 12:05:06,306 [T1] INFO  App
Launch Arguments: Total: 6 |  -eid D_20260114_120501_873 -runtype ProcRunner -ppid 1932

2026-01-14 12:05:06,307 [T1] DEBUG Config
Refresh Language Information

2026-01-14 12:05:06,308 [T1] DEBUG LibraryManager
LibraryManager Initialized.

2026-01-14 12:06:42,366 [T7] INFO  JobService
Start Job: T_Download_Files (Foreground)
{
  "JobType": 1,
  "State": 0,
  "IsRunning": false,
  "ResultMessage": null,
  "StartTime": "2026-01-14 12:06:42",
  "EndTime": null,
  "JobId": "Designer_20260114_120641_014",
  "UserAuthentication": null,
  "ProcessPath": "C:\\Users\\5Class_012\\Desktop\\project\\Team_1_Main\\RPA\\Team1_Main_RPA\\T_Download_Files.proc",
  "ProcessId": "f5fbb075-1058-4c53-a607-c931b439040f",
  "ProcessVer": "",
  "ProcessArgs": "S5484bafbd90e481d95770ed6dcc09bf4;S5484bafbd90e481d95770ed6dcc09bf4;False",
  "RequesterType": 3,
  "RequesterId": "designer",
  "RequesterPID": 1932,
  "OptionsJsonString": null,
  "TimeoutSec": 0,
  "EngineID": "D_20260114_120501_873",
  "EnginePID": 0,
  "EngineRecommededVersion": "",
  "JobWorkDir": "C:\\Users\\5Class_012\\Desktop\\project\\Team_1_Main\\RPA\\Team1_Main_RPA\\Histories\\20260114_120641_T_Download_Files_Designer_20260114_120641_014",
  "JobLogDir": "C:\\Users\\5Class_012\\Desktop\\project\\Team_1_Main\\RPA\\Team1_Main_RPA\\Histories\\20260114_120641_T_Download_Files_Designer_20260114_120641_014\\Log",
  "JobScreenshotDir": "C:\\Users\\5Class_012\\Desktop\\project\\Team_1_Main\\RPA\\Team1_Main_RPA\\Histories\\20260114_120641_T_Download_Files_Designer_20260114_120641_014\\Log\\Screenshot"
}

2026-01-14 12:06:42,504 [T3] DEBUG JobService
Waiting library loading...

2026-01-14 12:06:42,506 [T3] DEBUG Config
Reload User Settings

2026-01-14 12:06:42,509 [T3] INFO  Config
UserSettings Reloaded =>
 - LastExecution : SRJUFMdOgSa3wiHUno9w9phPd9OzGnVSm4jtmp/2HyI= -> 3P0vVmLeL+/mI4S7KOP1Qa/oTLkEBlk4ZzgvrWkxX1M=

2026-01-14 12:06:42,509 [T3] INFO  JobService
Config Loading Completed.

2026-01-14 12:06:42,509 [T3] DEBUG JobService
Config Loading Time: 4 ms.

2026-01-14 12:06:42,514 [T3] DEBUG JobService
Check Shared Token

2026-01-14 12:06:42,515 [T3] DEBUG TokenManager
Load connection token

2026-01-14 12:06:42,517 [T3] DEBUG TokenManager
Clear Connection Token - No Shared Token

2026-01-14 12:06:42,525 [T3] DEBUG ServerInformationClient
get server features for engine bot from config.

2026-01-14 12:06:42,527 [T3] INFO  Config
Try to load server features from config.

2026-01-14 12:06:42,530 [T3] DEBUG ServerInformationClient
get server features for engine bot from config.

2026-01-14 12:06:42,531 [T3] INFO  TokenManager
SecurityType in server feature : v2

2026-01-14 12:06:42,531 [T3] INFO  TokenManager
SecurityType : v2

2026-01-14 12:06:42,534 [T3] INFO  JobService
Shared Token - No Token

2026-01-14 12:06:42,540 [T3] INFO  JobManager
Create JobManager instance for job T_Download_Files(Designer_20260114_120641_014)

2026-01-14 12:06:42,548 [T3] INFO  JobRequest
Job ID : Designer_20260114_120641_014
Project Path  : C:\Users\5Class_012\Desktop\project\Team_1_Main\RPA\Team1_Main_RPA\Team1_Main_RPA.proj
Process Name  : T_Download_Files
Engine Mode   : Designer
Requester Type: Designer
Requester PID : 1932

2026-01-14 12:06:42,551 [T10] INFO  JobRequest
Start Callback Sender

2026-01-14 12:06:42,551 [T10] DEBUG JobRequest
Step Callback Interval: 500

2026-01-14 12:06:42,596 [T3] DEBUG ProjectManager
Set Project Information

2026-01-14 12:06:42,623 [T3] INFO  PlayOptionManager
PlayOption
- Step Interval : 1
- Disable DrawBounds : False
- Invoke First : False
- Allow Upload of DumpScreen results : False

2026-01-14 12:06:42,624 [T3] INFO  JobRunner
Initialize Script Engine

2026-01-14 12:06:42,642 [T13-ScriptEngine] INFO  JobRequest
##############################################################
### STATE: Initializing
##############################################################


2026-01-14 12:06:42,668 [T10] DEBUG JobRequest
Callback - State: Initializing


2026-01-14 12:06:43,561 [T13-ScriptEngine] INFO  JobRequest
##############################################################
### STATE: Ready
##############################################################


2026-01-14 12:06:43,571 [T10] DEBUG JobRequest
Callback - State: Ready


2026-01-14 12:06:43,574 [T3] INFO  JobRunnerHook
HotKey Hook Started

2026-01-14 12:06:43,575 [T3] INFO  JobRequest
##############################################################
### STATE: Starting
##############################################################


2026-01-14 12:06:43,577 [T13-ScriptEngine] INFO  JobRunner
RunProcess start

2026-01-14 12:06:43,579 [T13-ScriptEngine] INFO  JobRequest
##############################################################
### STATE: Running
##############################################################


2026-01-14 12:06:43,579 [T13-ScriptEngine] INFO  JobRequest
Last job life cycle state: Running

2026-01-14 12:06:43,587 [T10] DEBUG JobRequest
Callback - State: Starting


2026-01-14 12:06:43,603 [T10] DEBUG JobRequest
Callback - State: Running


2026-01-14 12:06:44,906 [T13-ScriptEngine] DEBUG ScreenCapture
DirectX Screen Capture Initialized.

2026-01-14 12:06:44,997 [T13-ScriptEngine] DEBUG JobRunner
DirectX ScreenCapture Checked.

2026-01-14 12:06:45,031 [T13-ScriptEngine] INFO  JobRequest
##############################################################
### STATE: StartProcess - T_Download_Files
##############################################################
f5fbb075-1058-4c53-a607-c931b439040f
T_Download_Files


2026-01-14 12:06:45,102 [T13-ScriptEngine] INFO  JobRequest
**************************************************************
*** TASK: T_Download_Files
**************************************************************
 - STEP 1: S5484bafbd90e481d95770ed6dcc09bf4 (19/21) - (1/1)
 - [19] ChromeOpen


2026-01-14 12:06:48,647 [T11] DEBUG ChromeCommonExtension
extension default locale empty

2026-01-14 12:06:49,837 [T13-ScriptEngine] INFO  JobRunner
[PASS] TASK: T_Download_Files

2026-01-14 12:06:49,848 [T13-ScriptEngine] INFO  JobRequest
##############################################################
### STATE: EndProcess - T_Download_Files
##############################################################
f5fbb075-1058-4c53-a607-c931b439040f
T_Download_Files


2026-01-14 12:06:49,870 [T13-ScriptEngine] INFO  JobRunner
RunProcess - Job Result: {}

2026-01-14 12:06:49,871 [T13-ScriptEngine] DEBUG JobManager
Set Result State: Completed

2026-01-14 12:06:49,875 [T13-ScriptEngine] INFO  JobRunner
Make report.

2026-01-14 12:06:49,921 [T13-ScriptEngine] INFO  JobRunner
Start to clean up resources.

2026-01-14 12:06:49,922 [T13-ScriptEngine] DEBUG JobRunner
OnProcessCompleted

2026-01-14 12:06:49,922 [T12] DEBUG JobRunner
Start timer for checking the job to be completed.

2026-01-14 12:06:49,924 [T13-ScriptEngine] INFO  JobRunner
Start to clean up resources.

2026-01-14 12:06:49,926 [T13-ScriptEngine] DEBUG JobRunner
Remove all libraries

2026-01-14 12:06:49,931 [T13-ScriptEngine] DEBUG NetPlayer
WebPlayer OnDispose

2026-01-14 12:06:49,933 [T13-ScriptEngine] DEBUG WebPlayer
WebPlayer OnDispose : Do Nothing

2026-01-14 12:06:49,943 [T13-ScriptEngine] DEBUG UiaAppHelper
WinHelper DisposeAppList Count: 0

2026-01-14 12:06:49,943 [T13-ScriptEngine] INFO  JobRunner
All Resources Clear

2026-01-14 12:06:49,946 [T13-ScriptEngine] DEBUG JobRunner
OnCompleted

2026-01-14 12:06:49,946 [T13-ScriptEngine] DEBUG JobRunner
SendJobResult: Completed

2026-01-14 12:06:49,946 [T13-ScriptEngine] INFO  JobRequest
##############################################################
### STATE: Completed
##############################################################
{}


2026-01-14 12:06:49,946 [T13-ScriptEngine] INFO  JobRequest
Last job life cycle state: Completed

2026-01-14 12:06:49,949 [T13-ScriptEngine] DEBUG JobDBManager
Set last life-cycle state: Completed - {}

2026-01-14 12:06:49,976 [T13-ScriptEngine] INFO  JobRequest
##############################################################
### JOB COMPLETED
##############################################################


2026-01-14 12:06:49,982 [T10] DEBUG JobRequest
Callback - State: Completed
{}

2026-01-14 12:06:49,983 [T10] INFO  JobRequest
Callback - EngineClosed

2026-01-14 12:06:49,983 [T10] INFO  JobService
Disconnect agent service

2026-01-14 12:06:49,985 [T10] DEBUG JobRequest
End of Callback Sender

2026-01-14 12:06:49,998 [T13-ScriptEngine] INFO  JobRunner
RunProcess end

2026-01-14 12:06:49,998 [T1] INFO  JobService
Exit - Shutdown Engine BOT

2026-01-14 12:06:49,998 [T1] INFO  EngineStarter
EngineBOT MainWindow Closing

2026-01-14 12:06:49,999 [T1] INFO  EngineStarter
EngineBOT MainWindow Closed

2026-01-14 12:06:50,000 [T1] INFO  EngineStarter
EngineBOT Application Exit

