2026-01-14 12:17:03,958 [T1] INFO  EngineStarter
BOT Engine Start - v3.1.125.00925 at 2026-01-14 오후 12:17:03
EngineID: D_20260114_121703_132
PID : 17788
PPID: 1932
Working Directory: C:\Users\5Class_012\AppData\Roaming\Brity RPA Designer

2026-01-14 12:17:03,978 [T1] INFO  EngineStarter
System Language: ko-KR
Resolution: 3520 x 1080

2026-01-14 12:17:04,241 [T1] INFO  Config
Initialize Config

2026-01-14 12:17:04,284 [T1] DEBUG Config
Config Loaded

2026-01-14 12:17:04,285 [T1] DEBUG Config
Backup config file.

2026-01-14 12:17:04,294 [T1] INFO  Config
Orchestrator Service => https://bwrpa.samsungsds.com:8777

2026-01-14 12:17:04,298 [T1] INFO  Config
Initialize Resource Config

2026-01-14 12:17:04,330 [T1] DEBUG Config
Refresh Language Information

2026-01-14 12:17:04,433 [T1] INFO  Config
All Config Initialized.

2026-01-14 12:17:04,441 [T1] DEBUG KeyManager
Initialize KeyManager

2026-01-14 12:17:04,444 [T1] DEBUG KeyManager
Load device unique id.

2026-01-14 12:17:04,451 [T1] DEBUG KeyManager
Device ID is initialized.

2026-01-14 12:17:04,456 [T1] INFO  Config
Activated License Type : StandAloneDesigner

2026-01-14 12:17:04,567 [T4] DEBUG JobService
Connect to agent service

2026-01-14 12:17:04,606 [T1] DEBUG ApplicationInitializer
InitMode: Thread

2026-01-14 12:17:04,610 [T4] DEBUG JobService
JobService URL : net.tcp://127.0.0.1:59001/rpa/agent

2026-01-14 12:17:04,610 [T4] DEBUG JobService
Open connection

2026-01-14 12:17:04,618 [T1] INFO  LibraryManager
Load Libraries - Started

2026-01-14 12:17:04,627 [T4] DEBUG JobService
Register engine to agent

2026-01-14 12:17:04,630 [T1] DEBUG AddInLoader
Load Assembly : IPA.Lib.Chrome

2026-01-14 12:17:04,642 [T4] DEBUG JobService
Engine is connected to agent service.

2026-01-14 12:17:04,642 [T4] DEBUG JobService
Owner Process PID: 1932

2026-01-14 12:17:04,645 [T4] INFO  JobService
Start monitoring owner process is terminated.

2026-01-14 12:17:04,849 [T1] DEBUG AddInLoader
Load Assembly : IPA.Lib.Desktop

2026-01-14 12:17:05,017 [T1] DEBUG AddInLoader
Load Assembly : IPA.Lib.Excel

2026-01-14 12:17:05,182 [T1] DEBUG AddInLoader
Load Assembly : IPA.Lib.Flow

2026-01-14 12:17:05,297 [T1] DEBUG AddInLoader
Load Assembly : IPA.Lib.IE

2026-01-14 12:17:05,391 [T1] DEBUG AddInLoader
Load Assembly : IPA.Lib.ImageConverter

2026-01-14 12:17:05,451 [T1] DEBUG AddInLoader
Load Assembly : IPA.Lib.ImageRecognition

2026-01-14 12:17:05,660 [T1] DEBUG AddInLoader
Load Assembly : IPA.Lib.MicrosoftOCR

2026-01-14 12:17:05,724 [T1] DEBUG AddInLoader
Load Assembly : IPA.Lib.Net

2026-01-14 12:17:05,813 [T1] DEBUG AddInLoader
Load Assembly : IPA.Lib.Orchestra

2026-01-14 12:17:05,895 [T1] DEBUG AddInLoader
Load Assembly : IPA.Lib.ProcessFlow

2026-01-14 12:17:05,984 [T1] DEBUG AddInLoader
Load Assembly : IPA.Lib.SAP

2026-01-14 12:17:06,068 [T1] DEBUG AddInLoader
Load Assembly : IPA.Lib.Web

2026-01-14 12:17:06,178 [T1] DEBUG AddInLoader
Load Assembly : IPA.Lib.Win

2026-01-14 12:17:06,306 [T1] INFO  ScreenCapture
Default Screen Capture Bounds: 0,0,3520,1080

2026-01-14 12:17:06,337 [T1] DEBUG AddInLoader
Load Assembly : BrityRPA.AddIn.NativeApp

2026-01-14 12:17:06,444 [T1] DEBUG AddInLoader
Load Assembly : BrityWorks.AddIn.Outlook

2026-01-14 12:17:06,513 [T1] DEBUG AddInLoader
Load Assembly : BrityWorks.AddIn.Pdf

2026-01-14 12:17:06,597 [T1] DEBUG LibraryManager
Load Library - Chrome

2026-01-14 12:17:06,628 [T1] DEBUG LibraryManager
Load Library - Desktop

2026-01-14 12:17:06,645 [T1] DEBUG LibraryManager
Load Library - Excel

2026-01-14 12:17:06,661 [T1] DEBUG LibraryManager
Load Library - Flow

2026-01-14 12:17:06,676 [T1] DEBUG LibraryManager
Load Library - IE

2026-01-14 12:17:06,692 [T1] DEBUG LibraryManager
Load Library - ImageConverter

2026-01-14 12:17:06,707 [T1] DEBUG LibraryManager
Load Library - ImageRecognition

2026-01-14 12:17:06,723 [T1] DEBUG LibraryManager
Load Library - MicrosoftOCR

2026-01-14 12:17:06,738 [T1] DEBUG LibraryManager
Load Library - NativeApp

2026-01-14 12:17:06,754 [T1] DEBUG LibraryManager
Load Library - Net

2026-01-14 12:17:06,769 [T1] DEBUG LibraryManager
Load Library - Orchestra

2026-01-14 12:17:06,784 [T1] DEBUG LibraryManager
Load Library - Outlook

2026-01-14 12:17:06,800 [T1] DEBUG LibraryManager
Load Library - Pdf

2026-01-14 12:17:06,815 [T1] DEBUG LibraryManager
Load Library - SAP

2026-01-14 12:17:06,830 [T1] DEBUG LibraryManager
Load Library - Web

2026-01-14 12:17:06,846 [T1] DEBUG LibraryManager
Load Library - Win

2026-01-14 12:17:06,862 [T1] DEBUG LibraryManager
Load Library - WorkFlow

2026-01-14 12:17:06,867 [T1] DEBUG LibraryManager
Load built-in script libraries

2026-01-14 12:17:07,146 [T1] INFO  LibraryManager
Load Libraries - Completed.

2026-01-14 12:17:07,158 [T1] INFO  App
Launch Arguments: Total: 6 |  -eid D_20260114_121703_132 -runtype ProcRunner -ppid 1932

2026-01-14 12:17:07,158 [T1] DEBUG Config
Refresh Language Information

2026-01-14 12:17:07,159 [T1] DEBUG LibraryManager
LibraryManager Initialized.

2026-01-14 12:17:16,217 [T9] INFO  JobService
Start Job: T_Get_Raw_CSV (Foreground)
{
  "JobType": 1,
  "State": 0,
  "IsRunning": false,
  "ResultMessage": null,
  "StartTime": "2026-01-14 12:17:15",
  "EndTime": null,
  "JobId": "Designer_20260114_121715_842",
  "UserAuthentication": null,
  "ProcessPath": "C:\\Users\\5Class_012\\Desktop\\project\\Team_1_Main\\RPA\\Team1_Main_RPA\\T_Get_Raw_CSV.proc",
  "ProcessId": "5321d6cd-80eb-4b5f-8cb9-8d5351b7e1cc",
  "ProcessVer": "",
  "ProcessArgs": null,
  "RequesterType": 3,
  "RequesterId": "designer",
  "RequesterPID": 1932,
  "OptionsJsonString": null,
  "TimeoutSec": 0,
  "EngineID": "D_20260114_121703_132",
  "EnginePID": 0,
  "EngineRecommededVersion": "",
  "JobWorkDir": "C:\\Users\\5Class_012\\Desktop\\project\\Team_1_Main\\RPA\\Team1_Main_RPA\\Histories\\20260114_121715_T_Get_Raw_CSV_Designer_20260114_121715_842",
  "JobLogDir": "C:\\Users\\5Class_012\\Desktop\\project\\Team_1_Main\\RPA\\Team1_Main_RPA\\Histories\\20260114_121715_T_Get_Raw_CSV_Designer_20260114_121715_842\\Log",
  "JobScreenshotDir": "C:\\Users\\5Class_012\\Desktop\\project\\Team_1_Main\\RPA\\Team1_Main_RPA\\Histories\\20260114_121715_T_Get_Raw_CSV_Designer_20260114_121715_842\\Log\\Screenshot"
}

2026-01-14 12:17:16,357 [T5] DEBUG JobService
Waiting library loading...

2026-01-14 12:17:16,359 [T5] DEBUG Config
Reload User Settings

2026-01-14 12:17:16,362 [T5] INFO  JobService
Config Loading Completed.

2026-01-14 12:17:16,363 [T5] DEBUG JobService
Config Loading Time: 6 ms.

2026-01-14 12:17:16,367 [T5] DEBUG JobService
Check Shared Token

2026-01-14 12:17:16,368 [T5] DEBUG TokenManager
Load connection token

2026-01-14 12:17:16,371 [T5] DEBUG TokenManager
Clear Connection Token - No Shared Token

2026-01-14 12:17:16,380 [T5] DEBUG ServerInformationClient
get server features for engine bot from config.

2026-01-14 12:17:16,382 [T5] INFO  Config
Try to load server features from config.

2026-01-14 12:17:16,386 [T5] DEBUG ServerInformationClient
get server features for engine bot from config.

2026-01-14 12:17:16,387 [T5] INFO  TokenManager
SecurityType in server feature : v2

2026-01-14 12:17:16,388 [T5] INFO  TokenManager
SecurityType : v2

2026-01-14 12:17:16,391 [T5] INFO  JobService
Shared Token - No Token

2026-01-14 12:17:16,396 [T5] INFO  JobManager
Create JobManager instance for job T_Get_Raw_CSV(Designer_20260114_121715_842)

2026-01-14 12:17:16,402 [T5] INFO  JobRequest
Job ID : Designer_20260114_121715_842
Project Path  : C:\Users\5Class_012\Desktop\project\Team_1_Main\RPA\Team1_Main_RPA\Team1_Main_RPA.proj
Process Name  : T_Get_Raw_CSV
Engine Mode   : Designer
Requester Type: Designer
Requester PID : 1932

2026-01-14 12:17:16,404 [T7] INFO  JobRequest
Start Callback Sender

2026-01-14 12:17:16,405 [T7] DEBUG JobRequest
Step Callback Interval: 500

2026-01-14 12:17:16,449 [T5] DEBUG ProjectManager
Set Project Information

2026-01-14 12:17:16,474 [T5] INFO  PlayOptionManager
PlayOption
- Step Interval : 1
- Disable DrawBounds : False
- Invoke First : False
- Allow Upload of DumpScreen results : False

2026-01-14 12:17:16,475 [T5] INFO  JobRunner
Initialize Script Engine

2026-01-14 12:17:16,491 [T11-ScriptEngine] INFO  JobRequest
##############################################################
### STATE: Initializing
##############################################################


2026-01-14 12:17:16,512 [T7] DEBUG JobRequest
Callback - State: Initializing


2026-01-14 12:17:17,453 [T11-ScriptEngine] INFO  JobRequest
##############################################################
### STATE: Ready
##############################################################


2026-01-14 12:17:17,464 [T5] INFO  JobRunnerHook
HotKey Hook Started

2026-01-14 12:17:17,465 [T5] INFO  JobRequest
##############################################################
### STATE: Starting
##############################################################


2026-01-14 12:17:17,466 [T7] DEBUG JobRequest
Callback - State: Ready


2026-01-14 12:17:17,467 [T11-ScriptEngine] INFO  JobRunner
RunProcess start

2026-01-14 12:17:17,468 [T7] DEBUG JobRequest
Callback - State: Starting


2026-01-14 12:17:17,469 [T11-ScriptEngine] INFO  JobRequest
##############################################################
### STATE: Running
##############################################################


2026-01-14 12:17:17,469 [T11-ScriptEngine] INFO  JobRequest
Last job life cycle state: Running

2026-01-14 12:17:17,482 [T7] DEBUG JobRequest
Callback - State: Running


2026-01-14 12:17:18,730 [T11-ScriptEngine] DEBUG ScreenCapture
DirectX Screen Capture Initialized.

2026-01-14 12:17:18,815 [T11-ScriptEngine] DEBUG JobRunner
DirectX ScreenCapture Checked.

2026-01-14 12:17:18,848 [T11-ScriptEngine] INFO  JobRequest
##############################################################
### STATE: StartProcess - T_Get_Raw_CSV
##############################################################
5321d6cd-80eb-4b5f-8cb9-8d5351b7e1cc
T_Get_Raw_CSV


2026-01-14 12:17:18,913 [T11-ScriptEngine] INFO  JobRequest
**************************************************************
*** TASK: T_Get_Raw_CSV
**************************************************************
 - STEP 1: S9eddaecfb54e4c3eae7025a932969325 (1/15) - (1/15)
 - [1] ChromeOpen


2026-01-14 12:17:22,427 [T6] DEBUG ChromeCommonExtension
extension default locale empty

2026-01-14 12:17:25,539 [T11-ScriptEngine] INFO  JobRequest
 - STEP 2: Sa3d8047c0f944144942db7b7e005bd7d (2/15) - (2/15)
 - [2] ChromeSetText


2026-01-14 12:17:25,641 [T11-ScriptEngine] DEBUG RestorePuppeteer
Restore Session Start

2026-01-14 12:17:25,713 [T20] DEBUG RestorePuppeteer
Restore Session Start

2026-01-14 12:17:25,755 [T20] DEBUG RestorePuppeteer
Restore Session Start

2026-01-14 12:17:25,766 [T20] DEBUG RestorePuppeteer
Restore Session Start

2026-01-14 12:17:25,767 [T20] DEBUG RestorePuppeteer
Restore Session Start

2026-01-14 12:17:27,010 [T11-ScriptEngine] INFO  JobRequest
 - STEP 3: S25ab93ebcede4a87a1a2924e97fda173 (3/15) - (3/15)
 - [3] ChromeClick


2026-01-14 12:17:27,100 [T11-ScriptEngine] DEBUG RestorePuppeteer
Restore Session Start

2026-01-14 12:17:27,658 [T11-ScriptEngine] DEBUG RestorePuppeteer
Restore Session Start

2026-01-14 12:17:27,661 [T11-ScriptEngine] DEBUG RestorePuppeteer
Restore Session Start

2026-01-14 12:17:27,664 [T11-ScriptEngine] DEBUG RestorePuppeteer
Restore Session Start

2026-01-14 12:17:27,665 [T11-ScriptEngine] DEBUG RestorePuppeteer
Restore Session Start

2026-01-14 12:17:27,838 [T11-ScriptEngine] INFO  JobRequest
 - STEP 4: S9aff3cdbf0ca4f498e55a6193f1b6b14 (4/15) - (4/15)
 - [4] ChromeClick


2026-01-14 12:17:30,216 [T15] INFO  JobService
Stop Job

2026-01-14 12:17:30,218 [T15] INFO  JobRunner
Stop Job Runner - Cause: LocalUser / Message: stop by user

2026-01-14 12:17:30,219 [T15] INFO  JobRequest
##############################################################
### STATE: Stopping
##############################################################
stop by user


2026-01-14 12:17:30,227 [T11-ScriptEngine] DEBUG ChromePlayer
Chrome Set Report Page Image Fail : page or result is null

2026-01-14 12:17:30,228 [T7] DEBUG JobRequest
Callback - State: Stopping
stop by user

2026-01-14 12:17:30,233 [T11-ScriptEngine] DEBUG JobRunner
RunTask Interrupted. TASK: T_Get_Raw_CSV => Script execution interrupted by host

2026-01-14 12:17:30,254 [T11-ScriptEngine] DEBUG JobManager
Set Result State: Stopped

2026-01-14 12:17:30,258 [T11-ScriptEngine] INFO  JobRunner
Make report.

2026-01-14 12:17:30,307 [T11-ScriptEngine] INFO  JobRunner
Start to clean up resources.

2026-01-14 12:17:30,308 [T11-ScriptEngine] DEBUG JobRunner
OnProcessCompleted

2026-01-14 12:17:30,308 [T26] DEBUG JobRunner
Start timer for checking the job to be completed.

2026-01-14 12:17:30,310 [T11-ScriptEngine] INFO  JobRunner
Start to clean up resources.

2026-01-14 12:17:30,311 [T11-ScriptEngine] DEBUG JobRunner
Remove all Process Stack: 1

2026-01-14 12:17:30,315 [T11-ScriptEngine] INFO  JobRequest
##############################################################
### STATE: EndProcess - T_Get_Raw_CSV
##############################################################
5321d6cd-80eb-4b5f-8cb9-8d5351b7e1cc
T_Get_Raw_CSV


2026-01-14 12:17:30,316 [T11-ScriptEngine] DEBUG JobRunner
Remove all libraries

2026-01-14 12:17:30,321 [T11-ScriptEngine] DEBUG NetPlayer
WebPlayer OnDispose

2026-01-14 12:17:30,323 [T11-ScriptEngine] DEBUG WebPlayer
WebPlayer OnDispose : Do Nothing

2026-01-14 12:17:30,327 [T11-ScriptEngine] DEBUG UiaAppHelper
WinHelper DisposeAppList Count: 0

2026-01-14 12:17:30,328 [T11-ScriptEngine] INFO  JobRunner
All Resources Clear

2026-01-14 12:17:30,330 [T11-ScriptEngine] DEBUG JobRunner
OnCompleted

2026-01-14 12:17:30,331 [T11-ScriptEngine] DEBUG JobRunner
SendJobResult: Stopped

2026-01-14 12:17:30,331 [T11-ScriptEngine] INFO  JobRequest
##############################################################
### STATE: Stopped
##############################################################
Process: T_Get_Raw_CSV
Step: ChromeClick (4/15)

Stopped by User


2026-01-14 12:17:30,331 [T11-ScriptEngine] INFO  JobRequest
Last job life cycle state: Stopped

2026-01-14 12:17:30,331 [T11-ScriptEngine] INFO  JobRequest
Update skipped current step informations.

2026-01-14 12:17:30,334 [T11-ScriptEngine] DEBUG JobDBManager
Set last life-cycle state: Stopped - Process: T_Get_Raw_CSV
Step: ChromeClick (4/15)

Stopped by User

2026-01-14 12:17:30,354 [T7] DEBUG JobRequest
Callback - State: Stopped
Process: T_Get_Raw_CSV
Step: ChromeClick (4/15)

Stopped by User

2026-01-14 12:17:30,356 [T11-ScriptEngine] INFO  JobRequest
##############################################################
### JOB COMPLETED
##############################################################


2026-01-14 12:17:30,371 [T7] INFO  JobRequest
Callback - EngineClosed

2026-01-14 12:17:30,371 [T7] INFO  JobService
Disconnect agent service

2026-01-14 12:17:30,373 [T7] DEBUG JobRequest
End of Callback Sender

